2025-06-03 11:32:58,892 [INFO] 开始抓取 ASIN=B0C5CH8MJS, URL=https://www.amazon.com/dp/B0C5CH8MJS
2025-06-03 11:32:58,892 [INFO] 开始抓取 ASIN=B009S3RJH2, URL=https://www.amazon.com/dp/B009S3RJH2
2025-06-03 11:32:58,892 [INFO] 开始抓取 ASIN=B07H55VFB6, URL=https://www.amazon.com/dp/B07H55VFB6
2025-06-03 11:32:58,892 [INFO] 开始抓取 ASIN=B09LM1S39F, URL=https://www.amazon.com/dp/B09LM1S39F
2025-06-03 11:32:58,892 [INFO] 开始抓取 ASIN=B09DRX2YW8, URL=https://www.amazon.com/dp/B09DRX2YW8
2025-06-03 11:32:58,892 [INFO] 开始抓取 ASIN=B09TFYNHYM, URL=https://www.amazon.com/dp/B09TFYNHYM
2025-06-03 11:32:58,892 [INFO] 开始抓取 ASIN=B09DS2JDLZ, URL=https://www.amazon.com/dp/B09DS2JDLZ
2025-06-03 11:32:58,892 [INFO] 开始抓取 ASIN=B0DL4N2QTY, URL=https://www.amazon.com/dp/B0DL4N2QTY
2025-06-03 11:32:58,892 [INFO] 开始抓取 ASIN=B09J4BMF79, URL=https://www.amazon.com/dp/B09J4BMF79
2025-06-03 11:32:58,892 [INFO] 开始抓取 ASIN=B0B3JL8KZX, URL=https://www.amazon.com/dp/B0B3JL8KZX
2025-06-03 11:33:04,978 [INFO] ASIN=B09LM1S39F BSR 主:210789/Office Products, 子:6279/Badge Holders
2025-06-03 11:33:04,978 [INFO] ASIN=B09LM1S39F rating=4.4, reviews=264 ratings
2025-06-03 11:33:04,984 [INFO] 开始抓取 ASIN=B0D4ML8L1W, URL=https://www.amazon.com/dp/B0D4ML8L1W
2025-06-03 11:33:04,984 [INFO] ASIN=B0B3JL8KZX BSR 主:35526/Office Products, 子:203/Badge Lanyards
2025-06-03 11:33:04,984 [INFO] ASIN=B0B3JL8KZX rating=4.5, reviews=31 ratings
2025-06-03 11:33:04,984 [INFO] 开始抓取 ASIN=B0CQG8LMW3, URL=https://www.amazon.com/dp/B0CQG8LMW3
2025-06-03 11:33:04,984 [INFO] ASIN=B09DRX2YW8 BSR 主:65976/Office Products, 子:1755/Badge Holders
2025-06-03 11:33:04,984 [INFO] ASIN=B09DRX2YW8 rating=4.6, reviews=108 ratings
2025-06-03 11:33:04,984 [INFO] 开始抓取 ASIN=B0BKZPXHYR, URL=https://www.amazon.com/dp/B0BKZPXHYR
2025-06-03 11:33:04,984 [INFO] ASIN=B009S3RJH2 BSR 主:32726/Office Products, 子:181/Badge Lanyards
2025-06-03 11:33:04,984 [INFO] ASIN=B009S3RJH2 rating=4.8, reviews=3196 ratings
2025-06-03 11:33:04,984 [INFO] 开始抓取 ASIN=B0C4V9Q7F1, URL=https://www.amazon.com/dp/B0C4V9Q7F1
2025-06-03 11:33:04,986 [INFO] ASIN=B09DS2JDLZ BSR 主:47391/Office Products, 子:1196/Badge Holders
2025-06-03 11:33:04,986 [INFO] ASIN=B09DS2JDLZ rating=4.4, reviews=146 ratings
2025-06-03 11:33:04,986 [INFO] 开始抓取 ASIN=B0C3CWJ3F8, URL=https://www.amazon.com/dp/B0C3CWJ3F8
2025-06-03 11:33:04,986 [INFO] ASIN=B09TFYNHYM BSR 主:58136/Office Products, 子:343/Badge Lanyards
2025-06-03 11:33:04,986 [INFO] ASIN=B09TFYNHYM rating=4.6, reviews=134 ratings
2025-06-03 11:33:04,986 [INFO] 开始抓取 ASIN=B0CWYR6PSC, URL=https://www.amazon.com/dp/B0CWYR6PSC
2025-06-03 11:33:04,986 [INFO] ASIN=B0C5CH8MJS BSR 主:143256/Office Products, 子:4199/Badge Holders
2025-06-03 11:33:04,986 [INFO] ASIN=B0C5CH8MJS rating=4.7, reviews=36 ratings
2025-06-03 11:33:04,986 [INFO] 开始抓取 ASIN=B0CZ7691PM, URL=https://www.amazon.com/dp/B0CZ7691PM
2025-06-03 11:33:04,986 [INFO] ASIN=B07H55VFB6 BSR 主:2664/Office Products, 子:41/Badge Holders
2025-06-03 11:33:04,986 [INFO] ASIN=B07H55VFB6 rating=4.5, reviews=7290 ratings
2025-06-03 11:33:04,986 [INFO] 开始抓取 ASIN=B0B26H6F36, URL=https://www.amazon.com/dp/B0B26H6F36
2025-06-03 11:33:04,986 [INFO] ASIN=B0DL4N2QTY BSR 主:2569/Office Products, 子:38/Badge Holders
2025-06-03 11:33:04,986 [INFO] ASIN=B0DL4N2QTY rating=4.6, reviews=234 ratings
2025-06-03 11:33:04,986 [INFO] 开始抓取 ASIN=B0DXZ4H49Z, URL=https://www.amazon.com/dp/B0DXZ4H49Z
2025-06-03 11:33:05,110 [INFO] ASIN=B09J4BMF79 BSR 主:2486/Office Products, 子:33/Badge Holders
2025-06-03 11:33:05,110 [INFO] ASIN=B09J4BMF79 rating=4.6, reviews=7577 ratings
2025-06-03 11:33:05,113 [INFO] 开始抓取 ASIN=B0CPWNLZTW, URL=https://www.amazon.com/dp/B0CPWNLZTW
2025-06-03 11:33:11,366 [INFO] ASIN=B0CZ7691PM BSR 主:192119/Office Products, 子:5709/Badge Holders
2025-06-03 11:33:11,366 [INFO] ASIN=B0CZ7691PM rating=4.6, reviews=37 ratings
2025-06-03 11:33:11,366 [INFO] 开始抓取 ASIN=B09H4PNHCW, URL=https://www.amazon.com/dp/B09H4PNHCW
2025-06-03 11:33:11,377 [INFO] ASIN=B0CQG8LMW3 BSR 主:34452/Office Products, 子:822/Badge Holders
2025-06-03 11:33:11,377 [INFO] ASIN=B0CQG8LMW3 rating=4.6, reviews=52 ratings
2025-06-03 11:33:11,377 [INFO] 开始抓取 ASIN=B0D4BWC46F, URL=https://www.amazon.com/dp/B0D4BWC46F
2025-06-03 11:33:11,383 [INFO] ASIN=B0CWYR6PSC BSR 主:9904/Office Products, 子:206/Badge Holders
2025-06-03 11:33:11,383 [INFO] ASIN=B0CWYR6PSC rating=4.1, reviews=163 ratings
2025-06-03 11:33:11,383 [INFO] 开始抓取 ASIN=B0DZ4FW9SR, URL=https://www.amazon.com/dp/B0DZ4FW9SR
2025-06-03 11:33:11,383 [INFO] ASIN=B0C4V9Q7F1 BSR 主:10727/Office Products, 子:221/Badge Holders
2025-06-03 11:33:11,383 [INFO] ASIN=B0C4V9Q7F1 rating=4.5, reviews=454 ratings
2025-06-03 11:33:11,384 [INFO] 开始抓取 ASIN=B0CV6VK6KX, URL=https://www.amazon.com/dp/B0CV6VK6KX
2025-06-03 11:33:11,386 [INFO] ASIN=B0DXZ4H49Z BSR 主:73300/Office Products, 子:2320/Badge Holders
2025-06-03 11:33:11,386 [INFO] ASIN=B0DXZ4H49Z rating=, reviews=
2025-06-03 11:33:11,386 [INFO] 开始抓取 ASIN=B0DQPRHWBK, URL=https://www.amazon.com/dp/B0DQPRHWBK
2025-06-03 11:33:11,389 [INFO] ASIN=B0BKZPXHYR BSR 主:6775/Office Products, 子:133/Badge Holders
2025-06-03 11:33:11,389 [INFO] ASIN=B0BKZPXHYR rating=4.5, reviews=1867 ratings
2025-06-03 11:33:11,389 [INFO] 开始抓取 ASIN=B07WDPLZDS, URL=https://www.amazon.com/dp/B07WDPLZDS
2025-06-03 11:33:16,609 [INFO] ASIN=B09H4PNHCW BSR 主:166735/Office Products, 子:4920/Badge Holders
2025-06-03 11:33:16,609 [INFO] ASIN=B09H4PNHCW rating=3.9, reviews=7 ratings
2025-06-03 11:33:16,609 [INFO] 开始抓取 ASIN=B0CGQ9N3M4, URL=https://www.amazon.com/dp/B0CGQ9N3M4
2025-06-03 11:33:16,629 [INFO] ASIN=B0D4BWC46F BSR 主:134380/Office Products, 子:1096/Badge Lanyards
2025-06-03 11:33:16,629 [INFO] ASIN=B0D4BWC46F rating=4.7, reviews=19 ratings
2025-06-03 11:33:16,630 [INFO] 开始抓取 ASIN=B0CGV72NBQ, URL=https://www.amazon.com/dp/B0CGV72NBQ
2025-06-03 11:33:16,630 [INFO] ASIN=B0CV6VK6KX BSR 主:95659/Office Products, 子:696/Badge Lanyards
2025-06-03 11:33:16,630 [INFO] ASIN=B0CV6VK6KX rating=4.7, reviews=15 ratings
2025-06-03 11:33:16,630 [INFO] 开始抓取 ASIN=B0CSC2V8B7, URL=https://www.amazon.com/dp/B0CSC2V8B7
2025-06-03 11:33:16,634 [INFO] ASIN=B07WDPLZDS BSR 主:30118/Office Products, 子:720/Badge Holders
2025-06-03 11:33:16,634 [INFO] ASIN=B07WDPLZDS rating=4.6, reviews=3165 ratings
2025-06-03 11:33:16,634 [INFO] 开始抓取 ASIN=B0BFJ5RHHZ, URL=https://www.amazon.com/dp/B0BFJ5RHHZ
2025-06-03 11:33:16,642 [INFO] ASIN=B0DQPRHWBK BSR 主:11228/Office Products, 子:235/Badge Holders
2025-06-03 11:33:16,642 [INFO] ASIN=B0DQPRHWBK rating=4.7, reviews=67 ratings
2025-06-03 11:33:16,643 [INFO] 开始抓取 ASIN=B0DM224LTJ, URL=https://www.amazon.com/dp/B0DM224LTJ
2025-06-03 11:33:16,646 [INFO] ASIN=B0DZ4FW9SR BSR 主:221713/Office Products, 子:6623/Badge Holders
2025-06-03 11:33:16,646 [INFO] ASIN=B0DZ4FW9SR rating=, reviews=
2025-06-03 11:33:16,646 [INFO] 开始抓取 ASIN=B0CZ68Z9K5, URL=https://www.amazon.com/dp/B0CZ68Z9K5
2025-06-03 11:33:21,767 [INFO] ASIN=B0CGQ9N3M4 BSR 主:153311/Office Products, 子:4505/Badge Holders
2025-06-03 11:33:21,767 [INFO] ASIN=B0CGQ9N3M4 rating=4.6, reviews=5 ratings
2025-06-03 11:33:21,768 [INFO] 开始抓取 ASIN=B08WHMMXFG, URL=https://www.amazon.com/dp/B08WHMMXFG
2025-06-03 11:33:21,792 [INFO] ASIN=B0CGV72NBQ BSR 主:42345/Office Products, 子:1044/Badge Holders
2025-06-03 11:33:21,792 [INFO] ASIN=B0CGV72NBQ rating=4.4, reviews=160 ratings
2025-06-03 11:33:21,792 [INFO] 开始抓取 ASIN=B0DFGK4N2Y, URL=https://www.amazon.com/dp/B0DFGK4N2Y
2025-06-03 11:33:21,814 [INFO] ASIN=B0CZ68Z9K5 BSR 主:114335/Office Products, 子:894/Badge Lanyards
2025-06-03 11:33:21,814 [INFO] ASIN=B0CZ68Z9K5 rating=3.6, reviews=6 ratings
2025-06-03 11:33:21,814 [INFO] 开始抓取 ASIN=B0CNS138G5, URL=https://www.amazon.com/dp/B0CNS138G5
2025-06-03 11:33:21,815 [INFO] ASIN=B0DM224LTJ BSR 主:93023/Office Products, 子:2577/Badge Holders
2025-06-03 11:33:21,815 [INFO] ASIN=B0DM224LTJ rating=4.8, reviews=6 ratings
2025-06-03 11:33:21,815 [INFO] 开始抓取 ASIN=B0DSQQ83Y6, URL=https://www.amazon.com/dp/B0DSQQ83Y6
2025-06-03 11:33:21,833 [INFO] ASIN=B0BFJ5RHHZ BSR 主:7564/Office Products, 子:154/Badge Holders
2025-06-03 11:33:21,833 [INFO] ASIN=B0BFJ5RHHZ rating=4.6, reviews=1633 ratings
2025-06-03 11:33:21,833 [INFO] 开始抓取 ASIN=B0CS33JH73, URL=https://www.amazon.com/dp/B0CS33JH73
2025-06-03 11:33:25,829 [INFO] ASIN=B08WHMMXFG BSR 主:82725/Office Products, 子:2256/Badge Holders
2025-06-03 11:33:25,829 [INFO] ASIN=B08WHMMXFG rating=4.7, reviews=119 ratings
2025-06-03 11:33:25,829 [INFO] 开始抓取 ASIN=B09KGZ9BM3, URL=https://www.amazon.com/dp/B09KGZ9BM3
2025-06-03 11:33:25,841 [INFO] ASIN=B0DFGK4N2Y BSR 主:205862/Office Products, 子:6131/Badge Holders
2025-06-03 11:33:25,841 [INFO] ASIN=B0DFGK4N2Y rating=3.2, reviews=7 ratings
2025-06-03 11:33:25,841 [INFO] 开始抓取 ASIN=B0BH9DTMBV, URL=https://www.amazon.com/dp/B0BH9DTMBV
2025-06-03 11:33:25,864 [INFO] ASIN=B0DSQQ83Y6 BSR 主:18824/Office Products, 子:93/Badge Lanyards
2025-06-03 11:33:25,864 [INFO] ASIN=B0DSQQ83Y6 rating=4.3, reviews=8 ratings
2025-06-03 11:33:25,864 [INFO] 开始抓取 ASIN=B0CR1L459Z, URL=https://www.amazon.com/dp/B0CR1L459Z
2025-06-03 11:33:25,934 [INFO] ASIN=B0CS33JH73 BSR 主:107053/Office Products, 子:5668/Badge Holders
2025-06-03 11:33:25,934 [INFO] ASIN=B0CS33JH73 rating=3.7, reviews=5 ratings
2025-06-03 11:33:25,934 [INFO] 开始抓取 ASIN=B0CJ346LX4, URL=https://www.amazon.com/dp/B0CJ346LX4
2025-06-03 11:33:30,036 [INFO] ASIN=B0BH9DTMBV BSR 主:104001/Office Products, 子:2917/Badge Holders
2025-06-03 11:33:30,036 [INFO] ASIN=B0BH9DTMBV rating=4.9, reviews=54 ratings
2025-06-03 11:33:30,036 [INFO] 开始抓取 ASIN=B0C69XMJFM, URL=https://www.amazon.com/dp/B0C69XMJFM
2025-06-03 11:33:30,073 [INFO] ASIN=B0CR1L459Z BSR 主:20968/Office Products, 子:469/Badge Holders
2025-06-03 11:33:30,073 [INFO] ASIN=B0CR1L459Z rating=4.5, reviews=177 ratings
2025-06-03 11:33:30,073 [INFO] 开始抓取 ASIN=B0B3JHB51R, URL=https://www.amazon.com/dp/B0B3JHB51R
2025-06-03 11:33:33,761 [INFO] ASIN=B0C69XMJFM BSR 主:8479/Office Products, 子:284/Badge Holders
2025-06-03 11:33:33,761 [INFO] ASIN=B0C69XMJFM rating=4.8, reviews=152 ratings
2025-06-03 11:33:33,761 [INFO] 开始抓取 ASIN=B0CKQ8P2FV, URL=https://www.amazon.com/dp/B0CKQ8P2FV
2025-06-03 11:33:40,987 [WARNING] ASIN=B0D4ML8L1W 未获取到 BSR (主:, 子:)
2025-06-03 11:33:40,987 [INFO] ASIN=B0D4ML8L1W rating=4.4, reviews=12 ratings
2025-06-03 11:33:40,992 [INFO] 开始抓取 ASIN=B01MSKFEPF, URL=https://www.amazon.com/dp/B01MSKFEPF
2025-06-03 11:33:41,043 [WARNING] ASIN=B0C3CWJ3F8 未获取到 BSR (主:, 子:)
2025-06-03 11:33:41,043 [INFO] ASIN=B0C3CWJ3F8 rating=4.2, reviews=10 ratings
2025-06-03 11:33:41,043 [INFO] 开始抓取 ASIN=B0D4FDFYWY, URL=https://www.amazon.com/dp/B0D4FDFYWY
2025-06-03 11:33:41,128 [WARNING] ASIN=B0B26H6F36 未获取到 BSR (主:, 子:)
2025-06-03 11:33:41,128 [INFO] ASIN=B0B26H6F36 rating=4.8, reviews=5 ratings
2025-06-03 11:33:41,128 [INFO] 开始抓取 ASIN=B0CRDQ83TK, URL=https://www.amazon.com/dp/B0CRDQ83TK
2025-06-03 11:33:41,128 [WARNING] ASIN=B0CPWNLZTW 未获取到 BSR (主:, 子:)
2025-06-03 11:33:41,128 [INFO] ASIN=B0CPWNLZTW rating=5.0, reviews=6 ratings
2025-06-03 11:33:41,128 [INFO] 开始抓取 ASIN=B09PL41PTR, URL=https://www.amazon.com/dp/B09PL41PTR
2025-06-03 11:33:45,534 [INFO] ASIN=B01MSKFEPF BSR 主:143414/Office Products, 子:4205/Badge Holders
2025-06-03 11:33:45,534 [INFO] ASIN=B01MSKFEPF rating=4.3, reviews=125 ratings
2025-06-03 11:33:45,535 [INFO] 开始抓取 ASIN=B0C415M4Z6, URL=https://www.amazon.com/dp/B0C415M4Z6
2025-06-03 11:33:45,664 [INFO] ASIN=B0CRDQ83TK BSR 主:16679/Office Products, 子:350/Badge Holders
2025-06-03 11:33:45,664 [INFO] ASIN=B0CRDQ83TK rating=4.7, reviews=365 ratings
2025-06-03 11:33:45,664 [INFO] 开始抓取 ASIN=B0CKQ89SQ6, URL=https://www.amazon.com/dp/B0CKQ89SQ6
2025-06-03 11:33:45,668 [INFO] ASIN=B09PL41PTR BSR 主:40010/Office Products, 子:1986/Badge Holders
2025-06-03 11:33:45,668 [INFO] ASIN=B09PL41PTR rating=4.6, reviews=42 ratings
2025-06-03 11:33:45,668 [INFO] 开始抓取 ASIN=B0BVM96BWB, URL=https://www.amazon.com/dp/B0BVM96BWB
2025-06-03 11:33:45,684 [INFO] ASIN=B0D4FDFYWY BSR 主:363631/Office Products, 子:3188/Badge Lanyards
2025-06-03 11:33:45,684 [INFO] ASIN=B0D4FDFYWY rating=5.0, reviews=2 ratings
2025-06-03 11:33:45,684 [INFO] 开始抓取 ASIN=B0C8MG9S2X, URL=https://www.amazon.com/dp/B0C8MG9S2X
2025-06-03 11:33:49,593 [INFO] ASIN=B0BVM96BWB BSR 主:230166/Office Products, 子:6877/Badge Holders
2025-06-03 11:33:49,593 [INFO] ASIN=B0BVM96BWB rating=4.5, reviews=22 ratings
2025-06-03 11:33:49,593 [INFO] 开始抓取 ASIN=B09HCTMCKM, URL=https://www.amazon.com/dp/B09HCTMCKM
2025-06-03 11:33:49,612 [INFO] ASIN=B0C415M4Z6 BSR 主:204227/Office Products, 子:6076/Badge Holders
2025-06-03 11:33:49,612 [INFO] ASIN=B0C415M4Z6 rating=4.8, reviews=41 ratings
2025-06-03 11:33:49,612 [INFO] 开始抓取 ASIN=B09KP5L4LP, URL=https://www.amazon.com/dp/B09KP5L4LP
2025-06-03 11:33:49,620 [INFO] ASIN=B0C8MG9S2X BSR 主:16250/Office Products, 子:340/Badge Holders
2025-06-03 11:33:49,620 [INFO] ASIN=B0C8MG9S2X rating=4.6, reviews=642 ratings
2025-06-03 11:33:49,620 [INFO] 开始抓取 ASIN=B0C3HPJ3BQ, URL=https://www.amazon.com/dp/B0C3HPJ3BQ
2025-06-03 11:33:51,619 [WARNING] ASIN=B0CSC2V8B7 未获取到 BSR (主:, 子:)
2025-06-03 11:33:51,619 [INFO] ASIN=B0CSC2V8B7 rating=, reviews=
2025-06-03 11:33:51,619 [INFO] 开始抓取 ASIN=B09XN7MP1M, URL=https://www.amazon.com/dp/B09XN7MP1M
2025-06-03 11:33:53,432 [INFO] ASIN=B09HCTMCKM BSR 主:19695/Office Products, 子:428/Badge Holders
2025-06-03 11:33:53,432 [INFO] ASIN=B09HCTMCKM rating=4.6, reviews=444 ratings
2025-06-03 11:33:53,437 [INFO] 开始抓取 ASIN=B0C85J2D7K, URL=https://www.amazon.com/dp/B0C85J2D7K
2025-06-03 11:33:53,452 [INFO] ASIN=B0C3HPJ3BQ BSR 主:55889/Office Products, 子:1454/Badge Holders
2025-06-03 11:33:53,452 [INFO] ASIN=B0C3HPJ3BQ rating=4.7, reviews=24 ratings
2025-06-03 11:33:53,452 [INFO] 开始抓取 ASIN=B09GRFTY1L, URL=https://www.amazon.com/dp/B09GRFTY1L
2025-06-03 11:33:53,456 [INFO] ASIN=B09KP5L4LP BSR 主:81168/Office Products, 子:2204/Badge Holders
2025-06-03 11:33:53,456 [INFO] ASIN=B09KP5L4LP rating=4.6, reviews=196 ratings
2025-06-03 11:33:53,456 [INFO] 开始抓取 ASIN=B0CQZS3NK8, URL=https://www.amazon.com/dp/B0CQZS3NK8
2025-06-03 11:33:55,816 [WARNING] ASIN=B0CNS138G5 未获取到 BSR (主:, 子:)
2025-06-03 11:33:55,816 [INFO] ASIN=B0CNS138G5 rating=4.5, reviews=10 ratings
2025-06-03 11:33:55,817 [INFO] 开始抓取 ASIN=B09YVCGHWK, URL=https://www.amazon.com/dp/B09YVCGHWK
2025-06-03 11:33:56,446 [INFO] ASIN=B0C85J2D7K BSR 主:4545/Office Products, 子:84/Badge Holders
2025-06-03 11:33:56,446 [INFO] ASIN=B0C85J2D7K rating=4.5, reviews=459 ratings
2025-06-03 11:33:56,446 [INFO] 开始抓取 ASIN=B0C41PN7ZZ, URL=https://www.amazon.com/dp/B0C41PN7ZZ
2025-06-03 11:33:56,884 [INFO] ASIN=B09GRFTY1L BSR 主:142763/Office Products, 子:4184/Badge Holders
2025-06-03 11:33:56,884 [INFO] ASIN=B09GRFTY1L rating=4.5, reviews=64 ratings
2025-06-03 11:33:56,884 [INFO] 开始抓取 ASIN=B09GF8G7RS, URL=https://www.amazon.com/dp/B09GF8G7RS
2025-06-03 11:33:57,432 [INFO] ASIN=B0CQZS3NK8 BSR 主:13856/Office Products, 子:289/Badge Holders
2025-06-03 11:33:57,432 [INFO] ASIN=B0CQZS3NK8 rating=4.6, reviews=350 ratings
2025-06-03 11:33:57,433 [INFO] 开始抓取 ASIN=B0B3QSZS4Z, URL=https://www.amazon.com/dp/B0B3QSZS4Z
2025-06-03 11:33:59,174 [WARNING] ASIN=B09KGZ9BM3 未获取到 BSR (主:, 子:)
2025-06-03 11:33:59,174 [INFO] ASIN=B09KGZ9BM3 rating=4.4, reviews=59 ratings
2025-06-03 11:33:59,174 [INFO] 开始抓取 ASIN=B0BV6PH5RG, URL=https://www.amazon.com/dp/B0BV6PH5RG
2025-06-03 11:33:59,386 [INFO] ASIN=B09YVCGHWK BSR 主:81650/Office Products, 子:556/Badge Lanyards
2025-06-03 11:33:59,386 [INFO] ASIN=B09YVCGHWK rating=4.8, reviews=50 ratings
2025-06-03 11:33:59,386 [INFO] 开始抓取 ASIN=B0DSD1QHQP, URL=https://www.amazon.com/dp/B0DSD1QHQP
2025-06-03 11:33:59,801 [WARNING] ASIN=B0CJ346LX4 未获取到 BSR (主:, 子:)
2025-06-03 11:33:59,801 [INFO] ASIN=B0CJ346LX4 rating=5.0, reviews=5 ratings
2025-06-03 11:33:59,801 [INFO] 开始抓取 ASIN=B0BVM53353, URL=https://www.amazon.com/dp/B0BVM53353
2025-06-03 11:33:59,943 [INFO] ASIN=B0C41PN7ZZ BSR 主:149674/Office Products, 子:4394/Badge Holders
2025-06-03 11:33:59,943 [INFO] ASIN=B0C41PN7ZZ rating=4.4, reviews=14 ratings
2025-06-03 11:33:59,943 [INFO] 开始抓取 ASIN=B0DRVD6W5M, URL=https://www.amazon.com/dp/B0DRVD6W5M
2025-06-03 11:34:01,752 [INFO] ASIN=B09GF8G7RS BSR 主:187355/Office Products, 子:5564/Badge Holders
2025-06-03 11:34:01,752 [INFO] ASIN=B09GF8G7RS rating=4.3, reviews=116 ratings
2025-06-03 11:34:01,753 [INFO] 开始抓取 ASIN=B0C3V3FYWX, URL=https://www.amazon.com/dp/B0C3V3FYWX
2025-06-03 11:34:01,759 [INFO] ASIN=B0B3QSZS4Z BSR 主:69538/Office Products, 子:1879/Badge Holders
2025-06-03 11:34:01,759 [INFO] ASIN=B0B3QSZS4Z rating=4.4, reviews=180 ratings
2025-06-03 11:34:01,759 [INFO] 开始抓取 ASIN=B0DQXPS84Y, URL=https://www.amazon.com/dp/B0DQXPS84Y
2025-06-03 11:34:02,097 [INFO] ASIN=B0BV6PH5RG BSR 主:232272/Office Products, 子:6938/Badge Holders
2025-06-03 11:34:02,097 [INFO] ASIN=B0BV6PH5RG rating=4.7, reviews=20 ratings
2025-06-03 11:34:02,103 [INFO] 开始抓取 ASIN=B09NXY779R, URL=https://www.amazon.com/dp/B09NXY779R
2025-06-03 11:34:03,454 [INFO] ASIN=B0BVM53353 BSR 主:259719/Office Products, 子:7753/Badge Holders
2025-06-03 11:34:03,457 [INFO] ASIN=B0BVM53353 rating=4.2, reviews=11 ratings
2025-06-03 11:34:03,457 [INFO] 开始抓取 ASIN=B0CCGW12K1, URL=https://www.amazon.com/dp/B0CCGW12K1
2025-06-03 11:34:03,482 [WARNING] ASIN=B0B3JHB51R 未获取到 BSR (主:, 子:)
2025-06-03 11:34:03,482 [INFO] ASIN=B0B3JHB51R rating=4.8, reviews=6 ratings
2025-06-03 11:34:03,482 [INFO] 开始抓取 ASIN=B0CHVQS75C, URL=https://www.amazon.com/dp/B0CHVQS75C
2025-06-03 11:34:04,464 [INFO] ASIN=B0DRVD6W5M BSR 主:235348/Office Products, 子:7037/Badge Holders
2025-06-03 11:34:04,464 [INFO] ASIN=B0DRVD6W5M rating=3.6, reviews=6 ratings
2025-06-03 11:34:04,464 [INFO] 开始抓取 ASIN=B0D8KRS9XG, URL=https://www.amazon.com/dp/B0D8KRS9XG
2025-06-03 11:34:07,803 [INFO] ASIN=B0DQXPS84Y BSR 主:5301/Office Products, 子:97/Badge Holders
2025-06-03 11:34:07,803 [INFO] ASIN=B0DQXPS84Y rating=4.7, reviews=868 ratings
2025-06-03 11:34:07,804 [INFO] 开始抓取 ASIN=B0B5YZNQCR, URL=https://www.amazon.com/dp/B0B5YZNQCR
2025-06-03 11:34:07,804 [INFO] ASIN=B0C3V3FYWX BSR 主:9236/Office Products, 子:186/Badge Holders
2025-06-03 11:34:07,804 [INFO] ASIN=B0C3V3FYWX rating=4.4, reviews=597 ratings
2025-06-03 11:34:07,804 [INFO] 开始抓取 ASIN=B09MHLWB4M, URL=https://www.amazon.com/dp/B09MHLWB4M
2025-06-03 11:34:07,813 [WARNING] ASIN=B0CKQ8P2FV 未获取到 BSR (主:, 子:)
2025-06-03 11:34:07,813 [INFO] ASIN=B0CKQ8P2FV rating=4.5, reviews=5 ratings
2025-06-03 11:34:07,813 [INFO] 开始抓取 ASIN=B0BHLPZGQK, URL=https://www.amazon.com/dp/B0BHLPZGQK
2025-06-03 11:34:07,825 [INFO] ASIN=B0CCGW12K1 BSR 主:232127/Office Products, 子:6934/Badge Holders
2025-06-03 11:34:07,825 [INFO] ASIN=B0CCGW12K1 rating=4.8, reviews=30 ratings
2025-06-03 11:34:07,825 [INFO] 开始抓取 ASIN=B0B4FB1WVY, URL=https://www.amazon.com/dp/B0B4FB1WVY
2025-06-03 11:34:07,825 [INFO] ASIN=B09NXY779R BSR 主:107471/Office Products, 子:3019/Badge Holders
2025-06-03 11:34:07,825 [INFO] ASIN=B09NXY779R rating=4.6, reviews=38 ratings
2025-06-03 11:34:07,825 [INFO] 开始抓取 ASIN=B0DJ1XNTV2, URL=https://www.amazon.com/dp/B0DJ1XNTV2
2025-06-03 11:34:07,956 [INFO] ASIN=B0CHVQS75C BSR 主:4767/Office Products, 子:91/Badge Holders
2025-06-03 11:34:07,956 [INFO] ASIN=B0CHVQS75C rating=4.7, reviews=389 ratings
2025-06-03 11:34:07,956 [INFO] 开始抓取 ASIN=B0DP44NSTX, URL=https://www.amazon.com/dp/B0DP44NSTX
2025-06-03 11:34:09,672 [INFO] ASIN=B0D8KRS9XG BSR 主:103646/Office Products, 子:2907/Badge Holders
2025-06-03 11:34:09,672 [INFO] ASIN=B0D8KRS9XG rating=4.9, reviews=11 ratings
2025-06-03 11:34:09,672 [INFO] 开始抓取 ASIN=B09PDDWDQ8, URL=https://www.amazon.com/dp/B09PDDWDQ8
2025-06-03 11:34:13,886 [INFO] ASIN=B0DJ1XNTV2 BSR 主:417/Office Products, 子:4/Badge Holders
2025-06-03 11:34:13,886 [INFO] ASIN=B0DJ1XNTV2 rating=4.6, reviews=616 ratings
2025-06-03 11:34:13,887 [INFO] 开始抓取 ASIN=B0CDXZ3LHB, URL=https://www.amazon.com/dp/B0CDXZ3LHB
2025-06-03 11:34:13,894 [INFO] ASIN=B0B5YZNQCR BSR 主:1107/Office Products, 子:16/Badge Holders
2025-06-03 11:34:13,895 [INFO] ASIN=B0B5YZNQCR rating=4.6, reviews=4091 ratings
2025-06-03 11:34:13,895 [INFO] 开始抓取 ASIN=B0C2TY4T9V, URL=https://www.amazon.com/dp/B0C2TY4T9V
2025-06-03 11:34:13,918 [INFO] ASIN=B0B4FB1WVY BSR 主:107907/Office Products, 子:3042/Badge Holders
2025-06-03 11:34:13,919 [INFO] ASIN=B0B4FB1WVY rating=4.7, reviews=46 ratings
2025-06-03 11:34:13,919 [INFO] 开始抓取 ASIN=B09KY46MZC, URL=https://www.amazon.com/dp/B09KY46MZC
2025-06-03 11:34:13,920 [INFO] ASIN=B0DP44NSTX BSR 主:2583/Office Products, 子:39/Badge Holders
2025-06-03 11:34:13,920 [INFO] ASIN=B0DP44NSTX rating=4.6, reviews=124 ratings
2025-06-03 11:34:13,920 [INFO] 开始抓取 ASIN=B0C418CJJB, URL=https://www.amazon.com/dp/B0C418CJJB
2025-06-03 11:34:13,920 [INFO] ASIN=B09MHLWB4M BSR 主:106850/Office Products, 子:2998/Badge Holders
2025-06-03 11:34:13,920 [INFO] ASIN=B09MHLWB4M rating=4.0, reviews=115 ratings
2025-06-03 11:34:13,923 [INFO] 开始抓取 ASIN=B0BHLWT49S, URL=https://www.amazon.com/dp/B0BHLWT49S
2025-06-03 11:34:14,021 [INFO] ASIN=B09PDDWDQ8 BSR 主:100728/Office Products, 子:2810/Badge Holders
2025-06-03 11:34:14,021 [INFO] ASIN=B09PDDWDQ8 rating=4.4, reviews=17 ratings
2025-06-03 11:34:14,021 [INFO] 开始抓取 ASIN=B0D5D7VBQ8, URL=https://www.amazon.com/dp/B0D5D7VBQ8
2025-06-03 11:34:18,419 [INFO] ASIN=B0BHLWT49S BSR 主:140672/Office Products, 子:4122/Badge Holders
2025-06-03 11:34:18,419 [INFO] ASIN=B0BHLWT49S rating=4.5, reviews=36 ratings
2025-06-03 11:34:18,419 [INFO] 开始抓取 ASIN=B09DPN9FRB, URL=https://www.amazon.com/dp/B09DPN9FRB
2025-06-03 11:34:18,419 [INFO] ASIN=B0C2TY4T9V BSR 主:63935/Office Products, 子:1679/Badge Holders
2025-06-03 11:34:18,419 [INFO] ASIN=B0C2TY4T9V rating=4.4, reviews=33 ratings
2025-06-03 11:34:18,419 [INFO] 开始抓取 ASIN=B0CDXZ44SD, URL=https://www.amazon.com/dp/B0CDXZ44SD
2025-06-03 11:34:18,441 [INFO] ASIN=B0C418CJJB BSR 主:221288/Office Products, 子:6612/Badge Holders
2025-06-03 11:34:18,442 [INFO] ASIN=B0C418CJJB rating=4.5, reviews=30 ratings
2025-06-03 11:34:18,442 [INFO] 开始抓取 ASIN=B0BVKP9WK2, URL=https://www.amazon.com/dp/B0BVKP9WK2
2025-06-03 11:34:18,446 [INFO] ASIN=B09KY46MZC BSR 主:240005/Office Products, 子:7176/Badge Holders
2025-06-03 11:34:18,446 [INFO] ASIN=B09KY46MZC rating=4.3, reviews=39 ratings
2025-06-03 11:34:18,447 [INFO] 开始抓取 ASIN=B0BHLNNSCD, URL=https://www.amazon.com/dp/B0BHLNNSCD
2025-06-03 11:34:18,457 [INFO] ASIN=B0CDXZ3LHB BSR 主:241981/Office Products, 子:7239/Badge Holders
2025-06-03 11:34:18,457 [INFO] ASIN=B0CDXZ3LHB rating=4.8, reviews=25 ratings
2025-06-03 11:34:18,465 [INFO] 开始抓取 ASIN=B0BWLHGJ4T, URL=https://www.amazon.com/dp/B0BWLHGJ4T
2025-06-03 11:34:18,523 [INFO] ASIN=B0D5D7VBQ8 BSR 主:37455/Office Products, 子:908/Badge Holders
2025-06-03 11:34:18,523 [INFO] ASIN=B0D5D7VBQ8 rating=4.6, reviews=53 ratings
2025-06-03 11:34:18,523 [INFO] 开始抓取 ASIN=B0D7Q8LXH4, URL=https://www.amazon.com/dp/B0D7Q8LXH4
2025-06-03 11:34:19,955 [WARNING] ASIN=B0CKQ89SQ6 未获取到 BSR (主:, 子:)
2025-06-03 11:34:19,955 [INFO] ASIN=B0CKQ89SQ6 rating=4.0, reviews=12 ratings
2025-06-03 11:34:19,955 [INFO] 开始抓取 ASIN=B0B1BBQL46, URL=https://www.amazon.com/dp/B0B1BBQL46
2025-06-03 11:34:23,756 [INFO] ASIN=B0BVKP9WK2 BSR 主:101009/Office Products, 子:2821/Badge Holders
2025-06-03 11:34:23,756 [INFO] ASIN=B0BVKP9WK2 rating=4.9, reviews=30 ratings
2025-06-03 11:34:23,758 [INFO] 开始抓取 ASIN=B0C96NM93G, URL=https://www.amazon.com/dp/B0C96NM93G
2025-06-03 11:34:23,760 [INFO] ASIN=B0BWLHGJ4T BSR 主:15184/Office Products, 子:319/Badge Holders
2025-06-03 11:34:23,760 [INFO] ASIN=B0BWLHGJ4T rating=4.5, reviews=200 ratings
2025-06-03 11:34:23,760 [INFO] 开始抓取 ASIN=B0BLZKV9PX, URL=https://www.amazon.com/dp/B0BLZKV9PX
2025-06-03 11:34:23,765 [INFO] ASIN=B0CDXZ44SD BSR 主:168845/Office Products, 子:4993/Badge Holders
2025-06-03 11:34:23,765 [INFO] ASIN=B0CDXZ44SD rating=4.8, reviews=31 ratings
2025-06-03 11:34:23,765 [INFO] 开始抓取 ASIN=B0D8HZHN4K, URL=https://www.amazon.com/dp/B0D8HZHN4K
2025-06-03 11:34:23,766 [INFO] ASIN=B09DPN9FRB BSR 主:108774/Office Products, 子:3071/Badge Holders
2025-06-03 11:34:23,766 [INFO] ASIN=B09DPN9FRB rating=4.2, reviews=304 ratings
2025-06-03 11:34:23,766 [INFO] 开始抓取 ASIN=B0C143PSHL, URL=https://www.amazon.com/dp/B0C143PSHL
2025-06-03 11:34:23,766 [INFO] ASIN=B0D7Q8LXH4 BSR 主:29427/Office Products, 子:704/Badge Holders
2025-06-03 11:34:23,766 [INFO] ASIN=B0D7Q8LXH4 rating=4.3, reviews=71 ratings
2025-06-03 11:34:23,766 [INFO] 开始抓取 ASIN=B0C38GLFXW, URL=https://www.amazon.com/dp/B0C38GLFXW
2025-06-03 11:34:24,008 [INFO] ASIN=B0B1BBQL46 BSR 主:34588/Office Products, 子:829/Badge Holders
2025-06-03 11:34:24,009 [INFO] ASIN=B0B1BBQL46 rating=4.6, reviews=25 ratings
2025-06-03 11:34:24,009 [INFO] 开始抓取 ASIN=B0D99S91QZ, URL=https://www.amazon.com/dp/B0D99S91QZ
2025-06-03 11:34:26,473 [WARNING] ASIN=B09XN7MP1M 未获取到 BSR (主:, 子:)
2025-06-03 11:34:26,473 [INFO] ASIN=B09XN7MP1M rating=4.4, reviews=138 ratings
2025-06-03 11:34:26,473 [INFO] 开始抓取 ASIN=B0CPWQFJT9, URL=https://www.amazon.com/dp/B0CPWQFJT9
2025-06-03 11:34:29,463 [INFO] ASIN=B0BLZKV9PX BSR 主:5314/Office Products, 子:99/Badge Holders
2025-06-03 11:34:29,463 [INFO] ASIN=B0BLZKV9PX rating=4.4, reviews=790 ratings
2025-06-03 11:34:29,463 [INFO] 开始抓取 ASIN=B0CZ366VLC, URL=https://www.amazon.com/dp/B0CZ366VLC
2025-06-03 11:34:29,465 [INFO] ASIN=B0C38GLFXW BSR 主:155715/Office Products, 子:4565/Badge Holders
2025-06-03 11:34:29,465 [INFO] ASIN=B0C38GLFXW rating=4.8, reviews=50 ratings
2025-06-03 11:34:29,465 [INFO] 开始抓取 ASIN=B0BRKQX4Y7, URL=https://www.amazon.com/dp/B0BRKQX4Y7
2025-06-03 11:34:29,474 [INFO] ASIN=B0D8HZHN4K BSR 主:57071/Office Products, 子:1495/Badge Holders
2025-06-03 11:34:29,474 [INFO] ASIN=B0D8HZHN4K rating=4.8, reviews=49 ratings
2025-06-03 11:34:29,474 [INFO] 开始抓取 ASIN=B0DY17SH7T, URL=https://www.amazon.com/dp/B0DY17SH7T
2025-06-03 11:34:29,479 [INFO] ASIN=B0C143PSHL BSR 主:18267/Office Products, 子:393/Badge Holders
2025-06-03 11:34:29,480 [INFO] ASIN=B0C143PSHL rating=4.7, reviews=461 ratings
2025-06-03 11:34:29,480 [INFO] 开始抓取 ASIN=B09YVC23FM, URL=https://www.amazon.com/dp/B09YVC23FM
2025-06-03 11:34:29,488 [INFO] ASIN=B0C96NM93G BSR 主:15587/Office Products, 子:330/Badge Holders
2025-06-03 11:34:29,488 [INFO] ASIN=B0C96NM93G rating=4.4, reviews=280 ratings
2025-06-03 11:34:29,488 [INFO] 开始抓取 ASIN=B0CGLSWLQ1, URL=https://www.amazon.com/dp/B0CGLSWLQ1
2025-06-03 11:34:29,494 [INFO] ASIN=B0D99S91QZ BSR 主:70268/Office Products, 子:1904/Badge Holders
2025-06-03 11:34:29,494 [INFO] ASIN=B0D99S91QZ rating=4.6, reviews=54 ratings
2025-06-03 11:34:29,494 [INFO] 开始抓取 ASIN=B0DRTYM4QY, URL=https://www.amazon.com/dp/B0DRTYM4QY
2025-06-03 11:34:32,583 [WARNING] ASIN=B0DSD1QHQP 未获取到 BSR (主:, 子:)
2025-06-03 11:34:32,583 [INFO] ASIN=B0DSD1QHQP rating=, reviews=
2025-06-03 11:34:32,583 [INFO] 开始抓取 ASIN=B0DZHN853H, URL=https://www.amazon.com/dp/B0DZHN853H
2025-06-03 11:34:32,583 [INFO] ASIN=B0CPWQFJT9 BSR 主:36826/Office Products, 子:211/Badge Lanyards
2025-06-03 11:34:32,583 [INFO] ASIN=B0CPWQFJT9 rating=4.7, reviews=44 ratings
2025-06-03 11:34:32,583 [INFO] 开始抓取 ASIN=B0D7ZRMDX2, URL=https://www.amazon.com/dp/B0D7ZRMDX2
2025-06-03 11:34:34,115 [INFO] ASIN=B09YVC23FM BSR 主:74683/Office Products, 子:506/Badge Lanyards
2025-06-03 11:34:34,115 [INFO] ASIN=B09YVC23FM rating=4.5, reviews=58 ratings
2025-06-03 11:34:34,115 [INFO] 开始抓取 ASIN=B0D7GZK84W, URL=https://www.amazon.com/dp/B0D7GZK84W
2025-06-03 11:34:34,119 [INFO] ASIN=B0DY17SH7T BSR 主:102896/Office Products, 子:2888/Badge Holders
2025-06-03 11:34:34,119 [INFO] ASIN=B0DY17SH7T rating=5.0, reviews=1 rating
2025-06-03 11:34:34,119 [INFO] 开始抓取 ASIN=B0DRZ9VRNW, URL=https://www.amazon.com/dp/B0DRZ9VRNW
2025-06-03 11:34:34,122 [INFO] ASIN=B0DRTYM4QY BSR 主:52168/Office Products, 子:1334/Badge Holders
2025-06-03 11:34:34,122 [INFO] ASIN=B0DRTYM4QY rating=4.3, reviews=55 ratings
2025-06-03 11:34:34,122 [INFO] 开始抓取 ASIN=B09Y9G49GV, URL=https://www.amazon.com/dp/B09Y9G49GV
2025-06-03 11:34:34,124 [INFO] ASIN=B0CGLSWLQ1 BSR 主:292065/Tools & Home Improvement, 子:235/Restraint Ropes & Lanyards
2025-06-03 11:34:34,124 [INFO] ASIN=B0CGLSWLQ1 rating=4.4, reviews=160 ratings
2025-06-03 11:34:34,124 [INFO] 开始抓取 ASIN=B0DRNMSJKP, URL=https://www.amazon.com/dp/B0DRNMSJKP
2025-06-03 11:34:36,439 [INFO] ASIN=B0BRKQX4Y7 BSR 主:20249/Office Products, 子:442/Badge Holders
2025-06-03 11:34:36,439 [INFO] ASIN=B0BRKQX4Y7 rating=4.6, reviews=525 ratings
2025-06-03 11:34:36,439 [INFO] 开始抓取 ASIN=B09V6XKBPV, URL=https://www.amazon.com/dp/B09V6XKBPV
2025-06-03 11:34:39,191 [INFO] ASIN=B0DRNMSJKP BSR 主:133921/Office Products, 子:3898/Badge Holders
2025-06-03 11:34:39,191 [INFO] ASIN=B0DRNMSJKP rating=5.0, reviews=2 ratings
2025-06-03 11:34:39,191 [INFO] 开始抓取 ASIN=B0CPWP77ZG, URL=https://www.amazon.com/dp/B0CPWP77ZG
2025-06-03 11:34:39,199 [INFO] ASIN=B0D7GZK84W BSR 主:273023/Office Products, 子:8142/Badge Holders
2025-06-03 11:34:39,199 [INFO] ASIN=B0D7GZK84W rating=4.4, reviews=19 ratings
2025-06-03 11:34:39,199 [INFO] 开始抓取 ASIN=B09MH9NDSR, URL=https://www.amazon.com/dp/B09MH9NDSR
2025-06-03 11:34:39,199 [INFO] ASIN=B09Y9G49GV BSR 主:52204/Office Products, 子:1333/Badge Holders
2025-06-03 11:34:39,199 [INFO] ASIN=B09Y9G49GV rating=4.3, reviews=75 ratings
2025-06-03 11:34:39,199 [INFO] 开始抓取 ASIN=B0D93XXNJS, URL=https://www.amazon.com/dp/B0D93XXNJS
2025-06-03 11:34:39,254 [INFO] ASIN=B0DRZ9VRNW BSR 主:29630/Office Products, 子:709/Badge Holders
2025-06-03 11:34:39,254 [INFO] ASIN=B0DRZ9VRNW rating=4.6, reviews=8 ratings
2025-06-03 11:34:39,254 [INFO] 开始抓取 ASIN=B0BJ2WKZKH, URL=https://www.amazon.com/dp/B0BJ2WKZKH
2025-06-03 11:34:39,626 [INFO] ASIN=B0D7ZRMDX2 BSR 主:75586/Office Products, 子:2057/Badge Holders
2025-06-03 11:34:39,626 [INFO] ASIN=B0D7ZRMDX2 rating=4.6, reviews=34 ratings
2025-06-03 11:34:39,626 [INFO] 开始抓取 ASIN=B0DXZKH2XL, URL=https://www.amazon.com/dp/B0DXZKH2XL
2025-06-03 11:34:39,980 [INFO] ASIN=B09V6XKBPV BSR 主:179761/Office Products, 子:5336/Badge Holders
2025-06-03 11:34:39,980 [INFO] ASIN=B09V6XKBPV rating=4.2, reviews=24 ratings
2025-06-03 11:34:39,980 [INFO] 开始抓取 ASIN=B0C69CPCBX, URL=https://www.amazon.com/dp/B0C69CPCBX
2025-06-03 11:34:43,813 [WARNING] ASIN=B0BHLPZGQK 未获取到 BSR (主:, 子:)
2025-06-03 11:34:43,813 [INFO] ASIN=B0BHLPZGQK rating=4.3, reviews=16 ratings
2025-06-03 11:34:43,813 [INFO] 开始抓取 ASIN=B0BHLY135T, URL=https://www.amazon.com/dp/B0BHLY135T
2025-06-03 11:34:44,409 [INFO] ASIN=B0DZHN853H BSR 主:185525/Office Products, 子:6077/Badge Holders
2025-06-03 11:34:44,409 [INFO] ASIN=B0DZHN853H rating=, reviews=
2025-06-03 11:34:44,413 [INFO] 开始抓取 ASIN=B0CHVKJGGC, URL=https://www.amazon.com/dp/B0CHVKJGGC
2025-06-03 11:34:44,433 [INFO] ASIN=B0CPWP77ZG BSR 主:60881/Office Products, 子:4073/Badge Holders
2025-06-03 11:34:44,433 [INFO] ASIN=B0CPWP77ZG rating=4.5, reviews=31 ratings
2025-06-03 11:34:44,435 [INFO] 开始抓取 ASIN=B0CHVSCFR5, URL=https://www.amazon.com/dp/B0CHVSCFR5
2025-06-03 11:34:44,451 [INFO] ASIN=B0D93XXNJS BSR 主:2687/Office Products, 子:40/Badge Holders
2025-06-03 11:34:44,451 [INFO] ASIN=B0D93XXNJS rating=4.6, reviews=1867 ratings
2025-06-03 11:34:44,451 [INFO] 开始抓取 ASIN=B0BYZFY8M3, URL=https://www.amazon.com/dp/B0BYZFY8M3
2025-06-03 11:34:44,475 [INFO] ASIN=B0DXZKH2XL BSR 主:249598/Office Products, 子:7459/Badge Holders
2025-06-03 11:34:44,475 [INFO] ASIN=B0DXZKH2XL rating=, reviews=
2025-06-03 11:34:44,475 [INFO] 开始抓取 ASIN=B0CND8542M, URL=https://www.amazon.com/dp/B0CND8542M
2025-06-03 11:34:44,484 [INFO] ASIN=B0BJ2WKZKH BSR 主:2940/Office Products, 子:46/Badge Holders
2025-06-03 11:34:44,484 [INFO] ASIN=B0BJ2WKZKH rating=4.7, reviews=2084 ratings
2025-06-03 11:34:44,484 [INFO] 开始抓取 ASIN=B0D3ZTSS24, URL=https://www.amazon.com/dp/B0D3ZTSS24
2025-06-03 11:34:44,504 [INFO] ASIN=B0C69CPCBX BSR 主:94021/Office Products, 子:2613/Badge Holders
2025-06-03 11:34:44,504 [INFO] ASIN=B0C69CPCBX rating=4.4, reviews=16 ratings
2025-06-03 11:34:44,504 [INFO] 开始抓取 ASIN=B09TR71XSG, URL=https://www.amazon.com/dp/B09TR71XSG
2025-06-03 11:34:47,136 [INFO] ASIN=B0BHLY135T BSR 主:188756/Office Products, 子:5611/Badge Holders
2025-06-03 11:34:47,136 [INFO] ASIN=B0BHLY135T rating=4.8, reviews=42 ratings
2025-06-03 11:34:47,139 [INFO] 开始抓取 ASIN=B0CZ8K3MZ4, URL=https://www.amazon.com/dp/B0CZ8K3MZ4
2025-06-03 11:34:48,711 [INFO] ASIN=B0BYZFY8M3 BSR 主:2057/Office Products, 子:26/Badge Holders
2025-06-03 11:34:48,711 [INFO] ASIN=B0BYZFY8M3 rating=4.6, reviews=2310 ratings
2025-06-03 11:34:48,712 [INFO] 开始抓取 ASIN=B0F3J4D8M7, URL=https://www.amazon.com/dp/B0F3J4D8M7
2025-06-03 11:34:48,734 [INFO] ASIN=B0D3ZTSS24 BSR 主:173149/Office Products, 子:5127/Badge Holders
2025-06-03 11:34:48,737 [INFO] ASIN=B0D3ZTSS24 rating=5.0, reviews=5 ratings
2025-06-03 11:34:48,737 [INFO] 开始抓取 ASIN=B0777GVFSV, URL=https://www.amazon.com/dp/B0777GVFSV
2025-06-03 11:34:49,872 [INFO] ASIN=B09TR71XSG BSR 主:123557/Office Products, 子:3578/Badge Holders
2025-06-03 11:34:49,872 [INFO] ASIN=B09TR71XSG rating=4.7, reviews=29 ratings
2025-06-03 11:34:49,874 [INFO] 开始抓取 ASIN=B0D226KPC8, URL=https://www.amazon.com/dp/B0D226KPC8
2025-06-03 11:34:51,243 [INFO] ASIN=B0CZ8K3MZ4 BSR 主:199967/Office Products, 子:5940/Badge Holders
2025-06-03 11:34:51,246 [INFO] ASIN=B0CZ8K3MZ4 rating=5.0, reviews=5 ratings
2025-06-03 11:34:51,246 [INFO] 开始抓取 ASIN=B0B3T8K885, URL=https://www.amazon.com/dp/B0B3T8K885
2025-06-03 11:34:53,643 [WARNING] ASIN=B0BHLNNSCD 未获取到 BSR (主:, 子:)
2025-06-03 11:34:53,643 [INFO] ASIN=B0BHLNNSCD rating=4.6, reviews=48 ratings
2025-06-03 11:34:53,644 [INFO] 开始抓取 ASIN=B09H9PJMGZ, URL=https://www.amazon.com/dp/B09H9PJMGZ
2025-06-03 11:34:53,699 [INFO] ASIN=B0F3J4D8M7 BSR 主:165183/Office Products, 子:4878/Badge Holders
2025-06-03 11:34:53,700 [INFO] ASIN=B0F3J4D8M7 rating=, reviews=
2025-06-03 11:34:53,700 [INFO] 开始抓取 ASIN=B0DXSPMQRR, URL=https://www.amazon.com/dp/B0DXSPMQRR
2025-06-03 11:34:53,716 [INFO] ASIN=B0777GVFSV BSR 主:66156/Office Products, 子:1767/Badge Holders
2025-06-03 11:34:53,716 [INFO] ASIN=B0777GVFSV rating=4.4, reviews=608 ratings
2025-06-03 11:34:53,716 [INFO] 开始抓取 ASIN=B091L66XFH, URL=https://www.amazon.com/dp/B091L66XFH
2025-06-03 11:34:54,007 [INFO] ASIN=B0D226KPC8 BSR 主:25407/Office Products, 子:588/Badge Holders
2025-06-03 11:34:54,007 [INFO] ASIN=B0D226KPC8 rating=4.6, reviews=154 ratings
2025-06-03 11:34:54,007 [INFO] 开始抓取 ASIN=B0C1TCF9P9, URL=https://www.amazon.com/dp/B0C1TCF9P9
2025-06-03 11:34:55,244 [INFO] ASIN=B0B3T8K885 BSR 主:75153/Office Products, 子:2044/Badge Holders
2025-06-03 11:34:55,244 [INFO] ASIN=B0B3T8K885 rating=4.4, reviews=152 ratings
2025-06-03 11:34:55,251 [INFO] 开始抓取 ASIN=B0DFLBH2V5, URL=https://www.amazon.com/dp/B0DFLBH2V5
2025-06-03 11:34:56,974 [INFO] ASIN=B091L66XFH BSR 主:113271/Office Products, 子:3213/Badge Holders
2025-06-03 11:34:56,974 [INFO] ASIN=B091L66XFH rating=3.7, reviews=6 ratings
2025-06-03 11:34:56,974 [INFO] 开始抓取 ASIN=B09JZ155HN, URL=https://www.amazon.com/dp/B09JZ155HN
2025-06-03 11:34:58,961 [INFO] ASIN=B09H9PJMGZ BSR 主:78253/Office Products, 子:2121/Badge Holders
2025-06-03 11:34:58,961 [INFO] ASIN=B09H9PJMGZ rating=4.6, reviews=309 ratings
2025-06-03 11:34:58,962 [INFO] 开始抓取 ASIN=B0DJKW31DP, URL=https://www.amazon.com/dp/B0DJKW31DP
2025-06-03 11:34:58,978 [INFO] ASIN=B0DXSPMQRR BSR 主:243033/Office Products, 子:7269/Badge Holders
2025-06-03 11:34:58,978 [INFO] ASIN=B0DXSPMQRR rating=, reviews=
2025-06-03 11:34:58,978 [INFO] 开始抓取 ASIN=B0C68KDVDC, URL=https://www.amazon.com/dp/B0C68KDVDC
2025-06-03 11:34:59,002 [INFO] ASIN=B0C1TCF9P9 BSR 主:9526/Office Products, 子:196/Badge Holders
2025-06-03 11:34:59,002 [INFO] ASIN=B0C1TCF9P9 rating=4.6, reviews=584 ratings
2025-06-03 11:34:59,002 [INFO] 开始抓取 ASIN=B0D872FC3M, URL=https://www.amazon.com/dp/B0D872FC3M
2025-06-03 11:34:59,018 [INFO] ASIN=B0DFLBH2V5 BSR 主:103114/Office Products, 子:2896/Badge Holders
2025-06-03 11:34:59,018 [INFO] ASIN=B0DFLBH2V5 rating=4.6, reviews=5 ratings
2025-06-03 11:34:59,018 [INFO] 开始抓取 ASIN=B0D3B898PR, URL=https://www.amazon.com/dp/B0D3B898PR
2025-06-03 11:35:01,443 [INFO] ASIN=B09JZ155HN BSR 主:62891/Office Products, 子:1649/Badge Holders
2025-06-03 11:35:01,443 [INFO] ASIN=B09JZ155HN rating=4.5, reviews=107 ratings
2025-06-03 11:35:01,452 [INFO] 开始抓取 ASIN=B09HDQKKS6, URL=https://www.amazon.com/dp/B09HDQKKS6
2025-06-03 11:35:02,180 [INFO] ASIN=B0D872FC3M BSR 主:219076/Office Products, 子:6541/Badge Holders
2025-06-03 11:35:02,180 [INFO] ASIN=B0D872FC3M rating=4.4, reviews=9 ratings
2025-06-03 11:35:02,184 [INFO] 开始抓取 ASIN=B0DRV9F63X, URL=https://www.amazon.com/dp/B0DRV9F63X
2025-06-03 11:35:03,860 [INFO] ASIN=B0C68KDVDC BSR 主:176864/Office Products, 子:5267/Badge Holders
2025-06-03 11:35:03,860 [INFO] ASIN=B0C68KDVDC rating=4.7, reviews=8 ratings
2025-06-03 11:35:03,860 [INFO] 开始抓取 ASIN=B0CC6BY9XS, URL=https://www.amazon.com/dp/B0CC6BY9XS
2025-06-03 11:35:03,930 [INFO] ASIN=B0DJKW31DP BSR 主:30624/Office Products, 子:732/Badge Holders
2025-06-03 11:35:03,930 [INFO] ASIN=B0DJKW31DP rating=4.7, reviews=20 ratings
2025-06-03 11:35:04,074 [WARNING] ASIN=B0CZ366VLC 未获取到 BSR (主:, 子:)
2025-06-03 11:35:04,074 [INFO] ASIN=B0CZ366VLC rating=4.3, reviews=34 ratings
2025-06-03 11:35:04,129 [INFO] ASIN=B0D3B898PR BSR 主:1687/Office Products, 子:20/Badge Holders
2025-06-03 11:35:04,129 [INFO] ASIN=B0D3B898PR rating=4.4, reviews=667 ratings
2025-06-03 11:35:06,204 [INFO] ASIN=B09HDQKKS6 BSR 主:101014/Office Products, 子:2822/Badge Holders
2025-06-03 11:35:06,204 [INFO] ASIN=B09HDQKKS6 rating=4.6, reviews=273 ratings
2025-06-03 11:35:06,220 [INFO] ASIN=B0DRV9F63X BSR 主:826418/Office Products, 子:25004/Badge Holders
2025-06-03 11:35:06,220 [INFO] ASIN=B0DRV9F63X rating=, reviews=
2025-06-03 11:35:07,680 [INFO] ASIN=B0CC6BY9XS BSR 主:13100/Office Products, 子:279/Badge Holders
2025-06-03 11:35:07,680 [INFO] ASIN=B0CC6BY9XS rating=4.5, reviews=412 ratings
2025-06-03 11:35:13,934 [WARNING] ASIN=B09MH9NDSR 未获取到 BSR (主:, 子:)
2025-06-03 11:35:13,934 [INFO] ASIN=B09MH9NDSR rating=3.8, reviews=14 ratings
2025-06-03 11:35:18,660 [WARNING] ASIN=B0CHVSCFR5 未获取到 BSR (主:, 子:)
2025-06-03 11:35:18,660 [INFO] ASIN=B0CHVSCFR5 rating=4.9, reviews=28 ratings
2025-06-03 11:35:18,664 [WARNING] ASIN=B0CND8542M 未获取到 BSR (主:, 子:)
2025-06-03 11:35:18,664 [INFO] ASIN=B0CND8542M rating=3.7, reviews=7 ratings
2025-06-03 11:35:18,681 [WARNING] ASIN=B0CHVKJGGC 未获取到 BSR (主:, 子:)
2025-06-03 11:35:18,681 [INFO] ASIN=B0CHVKJGGC rating=4.3, reviews=36 ratings
2025-06-03 11:41:30,802 [INFO] 开始抓取 ASIN=B0C5CH8MJS, URL=https://www.amazon.com/dp/B0C5CH8MJS
2025-06-03 11:41:30,810 [INFO] 开始抓取 ASIN=B009S3RJH2, URL=https://www.amazon.com/dp/B009S3RJH2
2025-06-03 11:41:30,810 [INFO] 开始抓取 ASIN=B07H55VFB6, URL=https://www.amazon.com/dp/B07H55VFB6
2025-06-03 11:41:30,810 [INFO] 开始抓取 ASIN=B09LM1S39F, URL=https://www.amazon.com/dp/B09LM1S39F
2025-06-03 11:41:30,810 [INFO] 开始抓取 ASIN=B09DRX2YW8, URL=https://www.amazon.com/dp/B09DRX2YW8
2025-06-03 11:41:30,810 [INFO] 开始抓取 ASIN=B09TFYNHYM, URL=https://www.amazon.com/dp/B09TFYNHYM
2025-06-03 11:41:30,810 [INFO] 开始抓取 ASIN=B09DS2JDLZ, URL=https://www.amazon.com/dp/B09DS2JDLZ
2025-06-03 11:41:30,810 [INFO] 开始抓取 ASIN=B0DL4N2QTY, URL=https://www.amazon.com/dp/B0DL4N2QTY
2025-06-03 11:41:30,810 [INFO] 开始抓取 ASIN=B09J4BMF79, URL=https://www.amazon.com/dp/B09J4BMF79
2025-06-03 11:41:30,810 [INFO] 开始抓取 ASIN=B0B3JL8KZX, URL=https://www.amazon.com/dp/B0B3JL8KZX
2025-06-03 11:41:36,484 [INFO] ASIN=B09LM1S39F BSR 主:210789/Office Products, 子:6279/Badge Holders
2025-06-03 11:41:36,484 [INFO] ASIN=B09LM1S39F rating=4.4, reviews=264
2025-06-03 11:41:36,485 [INFO] 开始抓取 ASIN=B0D4ML8L1W, URL=https://www.amazon.com/dp/B0D4ML8L1W
2025-06-03 11:41:36,485 [INFO] ASIN=B09TFYNHYM BSR 主:58061/Office Products, 子:342/Badge Lanyards
2025-06-03 11:41:36,485 [INFO] ASIN=B09TFYNHYM rating=4.6, reviews=134
2025-06-03 11:41:36,486 [INFO] 开始抓取 ASIN=B0CQG8LMW3, URL=https://www.amazon.com/dp/B0CQG8LMW3
2025-06-03 11:41:36,490 [INFO] ASIN=B09DRX2YW8 BSR 主:65976/Office Products, 子:1755/Badge Holders
2025-06-03 11:41:36,490 [INFO] ASIN=B09DRX2YW8 rating=4.6, reviews=108
2025-06-03 11:41:36,490 [INFO] 开始抓取 ASIN=B0BKZPXHYR, URL=https://www.amazon.com/dp/B0BKZPXHYR
2025-06-03 11:41:36,490 [INFO] ASIN=B009S3RJH2 BSR 主:32726/Office Products, 子:181/Badge Lanyards
2025-06-03 11:41:36,490 [INFO] ASIN=B009S3RJH2 rating=4.8, reviews=3196
2025-06-03 11:41:36,490 [INFO] 开始抓取 ASIN=B0C4V9Q7F1, URL=https://www.amazon.com/dp/B0C4V9Q7F1
2025-06-03 11:41:36,494 [INFO] ASIN=B0B3JL8KZX BSR 主:35526/Office Products, 子:203/Badge Lanyards
2025-06-03 11:41:36,494 [INFO] ASIN=B0B3JL8KZX rating=4.5, reviews=31
2025-06-03 11:41:36,495 [INFO] 开始抓取 ASIN=B0C3CWJ3F8, URL=https://www.amazon.com/dp/B0C3CWJ3F8
2025-06-03 11:41:36,495 [INFO] ASIN=B0C5CH8MJS BSR 主:142717/Office Products, 子:4180/Badge Holders
2025-06-03 11:41:36,495 [INFO] ASIN=B0C5CH8MJS rating=4.7, reviews=36
2025-06-03 11:41:36,495 [INFO] 开始抓取 ASIN=B0CWYR6PSC, URL=https://www.amazon.com/dp/B0CWYR6PSC
2025-06-03 11:41:36,495 [INFO] ASIN=B09DS2JDLZ BSR 主:47391/Office Products, 子:1196/Badge Holders
2025-06-03 11:41:36,495 [INFO] ASIN=B09DS2JDLZ rating=4.4, reviews=146
2025-06-03 11:41:36,495 [INFO] 开始抓取 ASIN=B0CZ7691PM, URL=https://www.amazon.com/dp/B0CZ7691PM
2025-06-03 11:41:36,495 [INFO] ASIN=B07H55VFB6 BSR 主:2664/Office Products, 子:41/Badge Holders
2025-06-03 11:41:36,502 [INFO] ASIN=B07H55VFB6 rating=4.5, reviews=7290
2025-06-03 11:41:36,502 [INFO] 开始抓取 ASIN=B0B26H6F36, URL=https://www.amazon.com/dp/B0B26H6F36
2025-06-03 11:41:36,505 [INFO] ASIN=B0DL4N2QTY BSR 主:2569/Office Products, 子:38/Badge Holders
2025-06-03 11:41:36,505 [INFO] ASIN=B0DL4N2QTY rating=4.6, reviews=234
2025-06-03 11:41:36,505 [INFO] 开始抓取 ASIN=B0DXZ4H49Z, URL=https://www.amazon.com/dp/B0DXZ4H49Z
2025-06-03 11:41:36,805 [INFO] ASIN=B09J4BMF79 BSR 主:2486/Office Products, 子:33/Badge Holders
2025-06-03 11:41:36,805 [INFO] ASIN=B09J4BMF79 rating=4.6, reviews=7577
2025-06-03 11:41:36,805 [INFO] 开始抓取 ASIN=B0CPWNLZTW, URL=https://www.amazon.com/dp/B0CPWNLZTW
2025-06-03 11:41:42,045 [INFO] ASIN=B0CQG8LMW3 BSR 主:34521/Office Products, 子:825/Badge Holders
2025-06-03 11:41:42,045 [INFO] ASIN=B0CQG8LMW3 rating=4.6, reviews=52
2025-06-03 11:41:42,045 [INFO] 开始抓取 ASIN=B09H4PNHCW, URL=https://www.amazon.com/dp/B09H4PNHCW
2025-06-03 11:41:42,045 [INFO] ASIN=B0CZ7691PM BSR 主:191240/Office Products, 子:5681/Badge Holders
2025-06-03 11:41:42,045 [INFO] ASIN=B0CZ7691PM rating=4.6, reviews=37
2025-06-03 11:41:42,045 [INFO] 开始抓取 ASIN=B0D4BWC46F, URL=https://www.amazon.com/dp/B0D4BWC46F
2025-06-03 11:41:42,057 [INFO] ASIN=B0DXZ4H49Z BSR 主:73300/Office Products, 子:2320/Badge Holders
2025-06-03 11:41:42,057 [INFO] ASIN=B0DXZ4H49Z rating=, reviews=
2025-06-03 11:41:42,058 [INFO] 开始抓取 ASIN=B0DZ4FW9SR, URL=https://www.amazon.com/dp/B0DZ4FW9SR
2025-06-03 11:41:42,069 [INFO] ASIN=B0C4V9Q7F1 BSR 主:10727/Office Products, 子:221/Badge Holders
2025-06-03 11:41:42,069 [INFO] ASIN=B0C4V9Q7F1 rating=4.5, reviews=454
2025-06-03 11:41:42,069 [INFO] 开始抓取 ASIN=B0CV6VK6KX, URL=https://www.amazon.com/dp/B0CV6VK6KX
2025-06-03 11:41:42,069 [INFO] ASIN=B0CWYR6PSC BSR 主:9904/Office Products, 子:206/Badge Holders
2025-06-03 11:41:42,069 [INFO] ASIN=B0CWYR6PSC rating=4.1, reviews=163
2025-06-03 11:41:42,069 [INFO] 开始抓取 ASIN=B0DQPRHWBK, URL=https://www.amazon.com/dp/B0DQPRHWBK
2025-06-03 11:41:42,347 [INFO] ASIN=B0BKZPXHYR BSR 主:6763/Office Products, 子:133/Badge Holders
2025-06-03 11:41:42,347 [INFO] ASIN=B0BKZPXHYR rating=4.5, reviews=1867
2025-06-03 11:41:42,347 [INFO] 开始抓取 ASIN=B07WDPLZDS, URL=https://www.amazon.com/dp/B07WDPLZDS
2025-06-03 11:41:46,588 [INFO] ASIN=B09H4PNHCW BSR 主:166735/Office Products, 子:4920/Badge Holders
2025-06-03 11:41:46,588 [INFO] ASIN=B09H4PNHCW rating=3.9, reviews=7
2025-06-03 11:41:46,588 [INFO] 开始抓取 ASIN=B0CGQ9N3M4, URL=https://www.amazon.com/dp/B0CGQ9N3M4
2025-06-03 11:41:46,623 [INFO] ASIN=B0DQPRHWBK BSR 主:11228/Office Products, 子:235/Badge Holders
2025-06-03 11:41:46,623 [INFO] ASIN=B0DQPRHWBK rating=4.7, reviews=67
2025-06-03 11:41:46,623 [INFO] 开始抓取 ASIN=B0CGV72NBQ, URL=https://www.amazon.com/dp/B0CGV72NBQ
2025-06-03 11:41:46,623 [INFO] ASIN=B0CV6VK6KX BSR 主:95659/Office Products, 子:696/Badge Lanyards
2025-06-03 11:41:46,623 [INFO] ASIN=B0CV6VK6KX rating=4.7, reviews=15
2025-06-03 11:41:46,627 [INFO] 开始抓取 ASIN=B0CSC2V8B7, URL=https://www.amazon.com/dp/B0CSC2V8B7
2025-06-03 11:41:46,633 [INFO] ASIN=B0DZ4FW9SR BSR 主:221713/Office Products, 子:6623/Badge Holders
2025-06-03 11:41:46,633 [INFO] ASIN=B0DZ4FW9SR rating=, reviews=
2025-06-03 11:41:46,633 [INFO] 开始抓取 ASIN=B0BFJ5RHHZ, URL=https://www.amazon.com/dp/B0BFJ5RHHZ
2025-06-03 11:41:46,649 [INFO] ASIN=B0D4BWC46F BSR 主:134380/Office Products, 子:1096/Badge Lanyards
2025-06-03 11:41:46,649 [INFO] ASIN=B0D4BWC46F rating=4.7, reviews=19
2025-06-03 11:41:46,649 [INFO] 开始抓取 ASIN=B0DM224LTJ, URL=https://www.amazon.com/dp/B0DM224LTJ
2025-06-03 11:41:47,559 [INFO] ASIN=B07WDPLZDS BSR 主:30118/Office Products, 子:720/Badge Holders
2025-06-03 11:41:47,559 [INFO] ASIN=B07WDPLZDS rating=4.6, reviews=3165
2025-06-03 11:41:47,559 [INFO] 开始抓取 ASIN=B0CZ68Z9K5, URL=https://www.amazon.com/dp/B0CZ68Z9K5
2025-06-03 11:41:51,057 [INFO] ASIN=B0CGQ9N3M4 BSR 主:153311/Office Products, 子:4505/Badge Holders
2025-06-03 11:41:51,057 [INFO] ASIN=B0CGQ9N3M4 rating=4.6, reviews=5
2025-06-03 11:41:51,057 [INFO] 开始抓取 ASIN=B08WHMMXFG, URL=https://www.amazon.com/dp/B08WHMMXFG
2025-06-03 11:41:51,099 [INFO] ASIN=B0CGV72NBQ BSR 主:42345/Office Products, 子:1044/Badge Holders
2025-06-03 11:41:51,099 [INFO] ASIN=B0CGV72NBQ rating=4.4, reviews=160
2025-06-03 11:41:51,099 [INFO] 开始抓取 ASIN=B0DFGK4N2Y, URL=https://www.amazon.com/dp/B0DFGK4N2Y
2025-06-03 11:41:51,133 [INFO] ASIN=B0DM224LTJ BSR 主:93023/Office Products, 子:2577/Badge Holders
2025-06-03 11:41:51,134 [INFO] ASIN=B0DM224LTJ rating=4.8, reviews=6
2025-06-03 11:41:51,134 [INFO] 开始抓取 ASIN=B0CNS138G5, URL=https://www.amazon.com/dp/B0CNS138G5
2025-06-03 11:41:51,186 [INFO] ASIN=B0BFJ5RHHZ BSR 主:7564/Office Products, 子:154/Badge Holders
2025-06-03 11:41:51,186 [INFO] ASIN=B0BFJ5RHHZ rating=4.6, reviews=1633
2025-06-03 11:41:51,186 [INFO] 开始抓取 ASIN=B0DSQQ83Y6, URL=https://www.amazon.com/dp/B0DSQQ83Y6
2025-06-03 11:41:52,161 [INFO] ASIN=B0CZ68Z9K5 BSR 主:114335/Office Products, 子:894/Badge Lanyards
2025-06-03 11:41:52,161 [INFO] ASIN=B0CZ68Z9K5 rating=3.6, reviews=6
2025-06-03 11:41:52,161 [INFO] 开始抓取 ASIN=B0CS33JH73, URL=https://www.amazon.com/dp/B0CS33JH73
2025-06-03 11:41:55,303 [INFO] ASIN=B08WHMMXFG BSR 主:82725/Office Products, 子:2256/Badge Holders
2025-06-03 11:41:55,303 [INFO] ASIN=B08WHMMXFG rating=4.7, reviews=119
2025-06-03 11:41:55,303 [INFO] 开始抓取 ASIN=B09KGZ9BM3, URL=https://www.amazon.com/dp/B09KGZ9BM3
2025-06-03 11:41:55,345 [INFO] ASIN=B0DFGK4N2Y BSR 主:205862/Office Products, 子:6131/Badge Holders
2025-06-03 11:41:55,345 [INFO] ASIN=B0DFGK4N2Y rating=3.2, reviews=7
2025-06-03 11:41:55,345 [INFO] 开始抓取 ASIN=B0BH9DTMBV, URL=https://www.amazon.com/dp/B0BH9DTMBV
2025-06-03 11:41:55,363 [INFO] ASIN=B0DSQQ83Y6 BSR 主:18824/Office Products, 子:93/Badge Lanyards
2025-06-03 11:41:55,363 [INFO] ASIN=B0DSQQ83Y6 rating=4.3, reviews=8
2025-06-03 11:41:55,363 [INFO] 开始抓取 ASIN=B0CR1L459Z, URL=https://www.amazon.com/dp/B0CR1L459Z
2025-06-03 11:41:57,049 [INFO] ASIN=B0CS33JH73 BSR 主:107053/Office Products, 子:5668/Badge Holders
2025-06-03 11:41:57,049 [INFO] ASIN=B0CS33JH73 rating=3.7, reviews=5
2025-06-03 11:41:57,049 [INFO] 开始抓取 ASIN=B0CJ346LX4, URL=https://www.amazon.com/dp/B0CJ346LX4
2025-06-03 11:41:59,488 [INFO] ASIN=B0BH9DTMBV BSR 主:103946/Office Products, 子:2917/Badge Holders
2025-06-03 11:41:59,488 [INFO] ASIN=B0BH9DTMBV rating=4.9, reviews=54
2025-06-03 11:41:59,488 [INFO] 开始抓取 ASIN=B0C69XMJFM, URL=https://www.amazon.com/dp/B0C69XMJFM
2025-06-03 11:41:59,750 [INFO] ASIN=B0CR1L459Z BSR 主:20968/Office Products, 子:469/Badge Holders
2025-06-03 11:41:59,750 [INFO] ASIN=B0CR1L459Z rating=4.5, reviews=177
2025-06-03 11:41:59,750 [INFO] 开始抓取 ASIN=B0B3JHB51R, URL=https://www.amazon.com/dp/B0B3JHB51R
2025-06-03 11:42:03,582 [INFO] ASIN=B0C69XMJFM BSR 主:8479/Office Products, 子:284/Badge Holders
2025-06-03 11:42:03,582 [INFO] ASIN=B0C69XMJFM rating=4.8, reviews=152
2025-06-03 11:42:03,582 [INFO] 开始抓取 ASIN=B0CKQ8P2FV, URL=https://www.amazon.com/dp/B0CKQ8P2FV
2025-06-03 11:42:11,898 [WARNING] ASIN=B0B26H6F36 未获取到 BSR (主:, 子:)
2025-06-03 11:42:11,898 [INFO] ASIN=B0B26H6F36 rating=4.8, reviews=5
2025-06-03 11:42:11,898 [INFO] 开始抓取 ASIN=B01MSKFEPF, URL=https://www.amazon.com/dp/B01MSKFEPF
2025-06-03 11:42:11,898 [WARNING] ASIN=B0D4ML8L1W 未获取到 BSR (主:, 子:)
2025-06-03 11:42:11,898 [INFO] ASIN=B0D4ML8L1W rating=4.4, reviews=12
2025-06-03 11:42:11,898 [INFO] 开始抓取 ASIN=B0D4FDFYWY, URL=https://www.amazon.com/dp/B0D4FDFYWY
2025-06-03 11:42:11,991 [WARNING] ASIN=B0C3CWJ3F8 未获取到 BSR (主:, 子:)
2025-06-03 11:42:11,991 [INFO] ASIN=B0C3CWJ3F8 rating=4.2, reviews=10
2025-06-03 11:42:11,991 [INFO] 开始抓取 ASIN=B0CRDQ83TK, URL=https://www.amazon.com/dp/B0CRDQ83TK
2025-06-03 11:42:11,992 [WARNING] ASIN=B0CPWNLZTW 未获取到 BSR (主:, 子:)
2025-06-03 11:42:11,992 [INFO] ASIN=B0CPWNLZTW rating=5.0, reviews=6
2025-06-03 11:42:11,992 [INFO] 开始抓取 ASIN=B09PL41PTR, URL=https://www.amazon.com/dp/B09PL41PTR
2025-06-03 11:42:16,701 [INFO] ASIN=B01MSKFEPF BSR 主:143414/Office Products, 子:4205/Badge Holders
2025-06-03 11:42:16,701 [INFO] ASIN=B01MSKFEPF rating=4.3, reviews=125
2025-06-03 11:42:16,701 [INFO] 开始抓取 ASIN=B0C415M4Z6, URL=https://www.amazon.com/dp/B0C415M4Z6
2025-06-03 11:42:16,711 [INFO] ASIN=B0D4FDFYWY BSR 主:363631/Office Products, 子:3188/Badge Lanyards
2025-06-03 11:42:16,711 [INFO] ASIN=B0D4FDFYWY rating=5.0, reviews=2
2025-06-03 11:42:16,711 [INFO] 开始抓取 ASIN=B0CKQ89SQ6, URL=https://www.amazon.com/dp/B0CKQ89SQ6
2025-06-03 11:42:16,770 [INFO] ASIN=B09PL41PTR BSR 主:40010/Office Products, 子:1986/Badge Holders
2025-06-03 11:42:16,770 [INFO] ASIN=B09PL41PTR rating=4.6, reviews=42
2025-06-03 11:42:16,770 [INFO] 开始抓取 ASIN=B0BVM96BWB, URL=https://www.amazon.com/dp/B0BVM96BWB
2025-06-03 11:42:16,928 [INFO] ASIN=B0CRDQ83TK BSR 主:16679/Office Products, 子:350/Badge Holders
2025-06-03 11:42:16,928 [INFO] ASIN=B0CRDQ83TK rating=4.7, reviews=365
2025-06-03 11:42:16,928 [INFO] 开始抓取 ASIN=B0C8MG9S2X, URL=https://www.amazon.com/dp/B0C8MG9S2X
2025-06-03 11:42:20,325 [INFO] ASIN=B0BVM96BWB BSR 主:230166/Office Products, 子:6877/Badge Holders
2025-06-03 11:42:20,326 [INFO] ASIN=B0BVM96BWB rating=4.5, reviews=22
2025-06-03 11:42:20,326 [INFO] 开始抓取 ASIN=B09HCTMCKM, URL=https://www.amazon.com/dp/B09HCTMCKM
2025-06-03 11:42:21,148 [WARNING] ASIN=B0CSC2V8B7 未获取到 BSR (主:, 子:)
2025-06-03 11:42:21,148 [INFO] ASIN=B0CSC2V8B7 rating=, reviews=
2025-06-03 11:42:21,148 [INFO] 开始抓取 ASIN=B09KP5L4LP, URL=https://www.amazon.com/dp/B09KP5L4LP
2025-06-03 11:42:21,165 [INFO] ASIN=B0C415M4Z6 BSR 主:204227/Office Products, 子:6076/Badge Holders
2025-06-03 11:42:21,165 [INFO] ASIN=B0C415M4Z6 rating=4.8, reviews=41
2025-06-03 11:42:21,165 [INFO] 开始抓取 ASIN=B0C3HPJ3BQ, URL=https://www.amazon.com/dp/B0C3HPJ3BQ
2025-06-03 11:42:21,522 [INFO] ASIN=B0C8MG9S2X BSR 主:16250/Office Products, 子:340/Badge Holders
2025-06-03 11:42:21,522 [INFO] ASIN=B0C8MG9S2X rating=4.6, reviews=642
2025-06-03 11:42:21,522 [INFO] 开始抓取 ASIN=B09XN7MP1M, URL=https://www.amazon.com/dp/B09XN7MP1M
2025-06-03 11:42:24,836 [INFO] ASIN=B09HCTMCKM BSR 主:19708/Office Products, 子:428/Badge Holders
2025-06-03 11:42:24,836 [INFO] ASIN=B09HCTMCKM rating=4.6, reviews=444
2025-06-03 11:42:24,836 [INFO] 开始抓取 ASIN=B0C85J2D7K, URL=https://www.amazon.com/dp/B0C85J2D7K
2025-06-03 11:42:25,474 [WARNING] ASIN=B0CNS138G5 未获取到 BSR (主:, 子:)
2025-06-03 11:42:25,474 [INFO] ASIN=B0CNS138G5 rating=4.5, reviews=10
2025-06-03 11:42:25,474 [INFO] 开始抓取 ASIN=B09GRFTY1L, URL=https://www.amazon.com/dp/B09GRFTY1L
2025-06-03 11:42:25,861 [INFO] ASIN=B0C3HPJ3BQ BSR 主:55889/Office Products, 子:1454/Badge Holders
2025-06-03 11:42:25,861 [INFO] ASIN=B0C3HPJ3BQ rating=4.7, reviews=24
2025-06-03 11:42:25,861 [INFO] 开始抓取 ASIN=B0CQZS3NK8, URL=https://www.amazon.com/dp/B0CQZS3NK8
2025-06-03 11:42:25,943 [INFO] ASIN=B09KP5L4LP BSR 主:81168/Office Products, 子:2204/Badge Holders
2025-06-03 11:42:25,943 [INFO] ASIN=B09KP5L4LP rating=4.6, reviews=196
2025-06-03 11:42:25,943 [INFO] 开始抓取 ASIN=B09YVCGHWK, URL=https://www.amazon.com/dp/B09YVCGHWK
2025-06-03 11:42:28,555 [INFO] ASIN=B0C85J2D7K BSR 主:4545/Office Products, 子:84/Badge Holders
2025-06-03 11:42:28,555 [INFO] ASIN=B0C85J2D7K rating=4.5, reviews=459
2025-06-03 11:42:28,556 [INFO] 开始抓取 ASIN=B0C41PN7ZZ, URL=https://www.amazon.com/dp/B0C41PN7ZZ
2025-06-03 11:42:29,880 [WARNING] ASIN=B09KGZ9BM3 未获取到 BSR (主:, 子:)
2025-06-03 11:42:29,880 [INFO] ASIN=B09KGZ9BM3 rating=4.4, reviews=59
2025-06-03 11:42:29,882 [INFO] 开始抓取 ASIN=B09GF8G7RS, URL=https://www.amazon.com/dp/B09GF8G7RS
2025-06-03 11:42:29,970 [INFO] ASIN=B09GRFTY1L BSR 主:142763/Office Products, 子:4184/Badge Holders
2025-06-03 11:42:29,970 [INFO] ASIN=B09GRFTY1L rating=4.5, reviews=64
2025-06-03 11:42:29,970 [INFO] 开始抓取 ASIN=B0B3QSZS4Z, URL=https://www.amazon.com/dp/B0B3QSZS4Z
2025-06-03 11:42:30,932 [INFO] ASIN=B09YVCGHWK BSR 主:81650/Office Products, 子:556/Badge Lanyards
2025-06-03 11:42:30,932 [INFO] ASIN=B09YVCGHWK rating=4.8, reviews=50
2025-06-03 11:42:30,932 [INFO] 开始抓取 ASIN=B0BV6PH5RG, URL=https://www.amazon.com/dp/B0BV6PH5RG
2025-06-03 11:42:31,025 [INFO] ASIN=B0CQZS3NK8 BSR 主:13856/Office Products, 子:289/Badge Holders
2025-06-03 11:42:31,025 [INFO] ASIN=B0CQZS3NK8 rating=4.6, reviews=350
2025-06-03 11:42:31,025 [INFO] 开始抓取 ASIN=B0DSD1QHQP, URL=https://www.amazon.com/dp/B0DSD1QHQP
2025-06-03 11:42:31,168 [WARNING] ASIN=B0CJ346LX4 未获取到 BSR (主:, 子:)
2025-06-03 11:42:31,168 [INFO] ASIN=B0CJ346LX4 rating=5.0, reviews=5
2025-06-03 11:42:31,173 [INFO] 开始抓取 ASIN=B0BVM53353, URL=https://www.amazon.com/dp/B0BVM53353
2025-06-03 11:42:33,373 [INFO] ASIN=B0C41PN7ZZ BSR 主:149879/Office Products, 子:4396/Badge Holders
2025-06-03 11:42:33,373 [INFO] ASIN=B0C41PN7ZZ rating=4.4, reviews=14
2025-06-03 11:42:33,373 [INFO] 开始抓取 ASIN=B0DRVD6W5M, URL=https://www.amazon.com/dp/B0DRVD6W5M
2025-06-03 11:42:33,455 [WARNING] ASIN=B0B3JHB51R 未获取到 BSR (主:, 子:)
2025-06-03 11:42:33,455 [INFO] ASIN=B0B3JHB51R rating=4.8, reviews=6
2025-06-03 11:42:33,455 [INFO] 开始抓取 ASIN=B0C3V3FYWX, URL=https://www.amazon.com/dp/B0C3V3FYWX
2025-06-03 11:42:37,652 [INFO] ASIN=B09GF8G7RS BSR 主:187355/Office Products, 子:5564/Badge Holders
2025-06-03 11:42:37,652 [INFO] ASIN=B09GF8G7RS rating=4.3, reviews=116
2025-06-03 11:42:37,653 [INFO] 开始抓取 ASIN=B0DQXPS84Y, URL=https://www.amazon.com/dp/B0DQXPS84Y
2025-06-03 11:42:37,690 [INFO] ASIN=B0B3QSZS4Z BSR 主:69538/Office Products, 子:1879/Badge Holders
2025-06-03 11:42:37,690 [INFO] ASIN=B0B3QSZS4Z rating=4.4, reviews=180
2025-06-03 11:42:37,691 [INFO] 开始抓取 ASIN=B09NXY779R, URL=https://www.amazon.com/dp/B09NXY779R
2025-06-03 11:42:37,721 [WARNING] ASIN=B0CKQ8P2FV 未获取到 BSR (主:, 子:)
2025-06-03 11:42:37,721 [INFO] ASIN=B0CKQ8P2FV rating=4.5, reviews=5
2025-06-03 11:42:37,721 [INFO] 开始抓取 ASIN=B0CCGW12K1, URL=https://www.amazon.com/dp/B0CCGW12K1
2025-06-03 11:42:37,727 [INFO] ASIN=B0BV6PH5RG BSR 主:232272/Office Products, 子:6938/Badge Holders
2025-06-03 11:42:37,727 [INFO] ASIN=B0BV6PH5RG rating=4.7, reviews=20
2025-06-03 11:42:37,727 [INFO] 开始抓取 ASIN=B0CHVQS75C, URL=https://www.amazon.com/dp/B0CHVQS75C
2025-06-03 11:42:37,783 [INFO] ASIN=B0BVM53353 BSR 主:259719/Office Products, 子:7753/Badge Holders
2025-06-03 11:42:37,783 [INFO] ASIN=B0BVM53353 rating=4.2, reviews=11
2025-06-03 11:42:37,783 [INFO] 开始抓取 ASIN=B0D8KRS9XG, URL=https://www.amazon.com/dp/B0D8KRS9XG
2025-06-03 11:42:43,384 [INFO] ASIN=B0DRVD6W5M BSR 主:235348/Office Products, 子:7037/Badge Holders
2025-06-03 11:42:43,384 [INFO] ASIN=B0DRVD6W5M rating=3.6, reviews=6
2025-06-03 11:42:43,384 [INFO] 开始抓取 ASIN=B0B5YZNQCR, URL=https://www.amazon.com/dp/B0B5YZNQCR
2025-06-03 11:42:43,994 [INFO] ASIN=B0C3V3FYWX BSR 主:9236/Office Products, 子:186/Badge Holders
2025-06-03 11:42:43,995 [INFO] ASIN=B0C3V3FYWX rating=4.4, reviews=597
2025-06-03 11:42:43,996 [INFO] 开始抓取 ASIN=B09MHLWB4M, URL=https://www.amazon.com/dp/B09MHLWB4M
2025-06-03 11:42:44,062 [INFO] ASIN=B09NXY779R BSR 主:107471/Office Products, 子:3019/Badge Holders
2025-06-03 11:42:44,062 [INFO] ASIN=B09NXY779R rating=4.6, reviews=38
2025-06-03 11:42:44,063 [INFO] 开始抓取 ASIN=B0BHLPZGQK, URL=https://www.amazon.com/dp/B0BHLPZGQK
2025-06-03 11:42:44,080 [INFO] ASIN=B0CCGW12K1 BSR 主:232127/Office Products, 子:6934/Badge Holders
2025-06-03 11:42:44,081 [INFO] ASIN=B0CCGW12K1 rating=4.8, reviews=30
2025-06-03 11:42:44,081 [INFO] 开始抓取 ASIN=B0B4FB1WVY, URL=https://www.amazon.com/dp/B0B4FB1WVY
2025-06-03 11:42:44,081 [INFO] ASIN=B0DQXPS84Y BSR 主:5301/Office Products, 子:97/Badge Holders
2025-06-03 11:42:44,081 [INFO] ASIN=B0DQXPS84Y rating=4.7, reviews=868
2025-06-03 11:42:44,081 [INFO] 开始抓取 ASIN=B0DJ1XNTV2, URL=https://www.amazon.com/dp/B0DJ1XNTV2
2025-06-03 11:42:44,081 [INFO] ASIN=B0D8KRS9XG BSR 主:103660/Office Products, 子:2907/Badge Holders
2025-06-03 11:42:44,081 [INFO] ASIN=B0D8KRS9XG rating=4.9, reviews=11
2025-06-03 11:42:44,081 [INFO] 开始抓取 ASIN=B0DP44NSTX, URL=https://www.amazon.com/dp/B0DP44NSTX
2025-06-03 11:42:44,091 [INFO] ASIN=B0CHVQS75C BSR 主:4767/Office Products, 子:91/Badge Holders
2025-06-03 11:42:44,091 [INFO] ASIN=B0CHVQS75C rating=4.7, reviews=389
2025-06-03 11:42:44,091 [INFO] 开始抓取 ASIN=B09PDDWDQ8, URL=https://www.amazon.com/dp/B09PDDWDQ8
2025-06-03 11:42:51,893 [WARNING] ASIN=B0CKQ89SQ6 未获取到 BSR (主:, 子:)
2025-06-03 11:42:51,894 [INFO] ASIN=B0CKQ89SQ6 rating=4.0, reviews=12
2025-06-03 11:42:51,894 [INFO] 开始抓取 ASIN=B0CDXZ3LHB, URL=https://www.amazon.com/dp/B0CDXZ3LHB
2025-06-03 11:42:51,935 [INFO] ASIN=B0DJ1XNTV2 BSR 主:417/Office Products, 子:4/Badge Holders
2025-06-03 11:42:51,935 [INFO] ASIN=B0DJ1XNTV2 rating=4.6, reviews=616
2025-06-03 11:42:51,935 [INFO] 开始抓取 ASIN=B0C2TY4T9V, URL=https://www.amazon.com/dp/B0C2TY4T9V
2025-06-03 11:42:51,936 [INFO] ASIN=B0B4FB1WVY BSR 主:107907/Office Products, 子:3042/Badge Holders
2025-06-03 11:42:51,936 [INFO] ASIN=B0B4FB1WVY rating=4.7, reviews=46
2025-06-03 11:42:51,936 [INFO] 开始抓取 ASIN=B09KY46MZC, URL=https://www.amazon.com/dp/B09KY46MZC
2025-06-03 11:42:51,939 [INFO] ASIN=B0B5YZNQCR BSR 主:1107/Office Products, 子:16/Badge Holders
2025-06-03 11:42:51,939 [INFO] ASIN=B0B5YZNQCR rating=4.6, reviews=4091
2025-06-03 11:42:51,944 [INFO] 开始抓取 ASIN=B0C418CJJB, URL=https://www.amazon.com/dp/B0C418CJJB
2025-06-03 11:42:51,957 [INFO] ASIN=B09MHLWB4M BSR 主:106706/Office Products, 子:2993/Badge Holders
2025-06-03 11:42:51,957 [INFO] ASIN=B09MHLWB4M rating=4.0, reviews=115
2025-06-03 11:42:51,957 [INFO] 开始抓取 ASIN=B0BHLWT49S, URL=https://www.amazon.com/dp/B0BHLWT49S
2025-06-03 11:42:51,966 [INFO] ASIN=B09PDDWDQ8 BSR 主:100728/Office Products, 子:2810/Badge Holders
2025-06-03 11:42:51,966 [INFO] ASIN=B09PDDWDQ8 rating=4.4, reviews=17
2025-06-03 11:42:51,966 [INFO] 开始抓取 ASIN=B0D5D7VBQ8, URL=https://www.amazon.com/dp/B0D5D7VBQ8
2025-06-03 11:42:52,043 [INFO] ASIN=B0DP44NSTX BSR 主:2583/Office Products, 子:39/Badge Holders
2025-06-03 11:42:52,043 [INFO] ASIN=B0DP44NSTX rating=4.6, reviews=124
2025-06-03 11:42:52,044 [INFO] 开始抓取 ASIN=B09DPN9FRB, URL=https://www.amazon.com/dp/B09DPN9FRB
2025-06-03 11:43:00,308 [WARNING] ASIN=B09XN7MP1M 未获取到 BSR (主:, 子:)
2025-06-03 11:43:00,308 [INFO] ASIN=B09XN7MP1M rating=4.4, reviews=138
2025-06-03 11:43:00,308 [INFO] 开始抓取 ASIN=B0CDXZ44SD, URL=https://www.amazon.com/dp/B0CDXZ44SD
2025-06-03 11:43:00,380 [INFO] ASIN=B09DPN9FRB BSR 主:108774/Office Products, 子:3071/Badge Holders
2025-06-03 11:43:00,380 [INFO] ASIN=B09DPN9FRB rating=4.2, reviews=304
2025-06-03 11:43:00,380 [INFO] 开始抓取 ASIN=B0BVKP9WK2, URL=https://www.amazon.com/dp/B0BVKP9WK2
2025-06-03 11:43:00,384 [INFO] ASIN=B0CDXZ3LHB BSR 主:240262/Office Products, 子:7181/Badge Holders
2025-06-03 11:43:00,386 [INFO] ASIN=B0CDXZ3LHB rating=4.8, reviews=25
2025-06-03 11:43:00,387 [INFO] 开始抓取 ASIN=B0BHLNNSCD, URL=https://www.amazon.com/dp/B0BHLNNSCD
2025-06-03 11:43:00,388 [INFO] ASIN=B0BHLWT49S BSR 主:140672/Office Products, 子:4122/Badge Holders
2025-06-03 11:43:00,388 [INFO] ASIN=B0BHLWT49S rating=4.5, reviews=36
2025-06-03 11:43:00,388 [INFO] 开始抓取 ASIN=B0BWLHGJ4T, URL=https://www.amazon.com/dp/B0BWLHGJ4T
2025-06-03 11:43:00,400 [INFO] ASIN=B0C2TY4T9V BSR 主:63935/Office Products, 子:1679/Badge Holders
2025-06-03 11:43:00,400 [INFO] ASIN=B0C2TY4T9V rating=4.4, reviews=33
2025-06-03 11:43:00,400 [INFO] 开始抓取 ASIN=B0D7Q8LXH4, URL=https://www.amazon.com/dp/B0D7Q8LXH4
2025-06-03 11:43:00,400 [INFO] ASIN=B09KY46MZC BSR 主:239640/Office Products, 子:7160/Badge Holders
2025-06-03 11:43:00,400 [INFO] ASIN=B09KY46MZC rating=4.3, reviews=39
2025-06-03 11:43:00,400 [INFO] 开始抓取 ASIN=B0B1BBQL46, URL=https://www.amazon.com/dp/B0B1BBQL46
2025-06-03 11:43:00,401 [INFO] ASIN=B0C418CJJB BSR 主:221288/Office Products, 子:6612/Badge Holders
2025-06-03 11:43:00,401 [INFO] ASIN=B0C418CJJB rating=4.5, reviews=30
2025-06-03 11:43:00,401 [INFO] 开始抓取 ASIN=B0C96NM93G, URL=https://www.amazon.com/dp/B0C96NM93G
2025-06-03 11:43:00,401 [INFO] ASIN=B0D5D7VBQ8 BSR 主:37455/Office Products, 子:908/Badge Holders
2025-06-03 11:43:00,401 [INFO] ASIN=B0D5D7VBQ8 rating=4.6, reviews=53
2025-06-03 11:43:00,401 [INFO] 开始抓取 ASIN=B0BLZKV9PX, URL=https://www.amazon.com/dp/B0BLZKV9PX
2025-06-03 11:43:10,144 [WARNING] ASIN=B0DSD1QHQP 未获取到 BSR (主:, 子:)
2025-06-03 11:43:10,144 [INFO] ASIN=B0DSD1QHQP rating=, reviews=
2025-06-03 11:43:10,144 [INFO] 开始抓取 ASIN=B0D8HZHN4K, URL=https://www.amazon.com/dp/B0D8HZHN4K
2025-06-03 11:43:10,206 [INFO] ASIN=B0CDXZ44SD BSR 主:168845/Office Products, 子:4993/Badge Holders
2025-06-03 11:43:10,209 [INFO] ASIN=B0CDXZ44SD rating=4.8, reviews=31
2025-06-03 11:43:10,209 [INFO] 开始抓取 ASIN=B0C143PSHL, URL=https://www.amazon.com/dp/B0C143PSHL
2025-06-03 11:43:10,218 [INFO] ASIN=B0BVKP9WK2 BSR 主:100495/Office Products, 子:2801/Badge Holders
2025-06-03 11:43:10,220 [INFO] ASIN=B0BVKP9WK2 rating=4.9, reviews=30
2025-06-03 11:43:10,221 [INFO] 开始抓取 ASIN=B0C38GLFXW, URL=https://www.amazon.com/dp/B0C38GLFXW
2025-06-03 11:43:10,221 [INFO] ASIN=B0D7Q8LXH4 BSR 主:29427/Office Products, 子:704/Badge Holders
2025-06-03 11:43:10,221 [INFO] ASIN=B0D7Q8LXH4 rating=4.3, reviews=71
2025-06-03 11:43:10,222 [INFO] 开始抓取 ASIN=B0D99S91QZ, URL=https://www.amazon.com/dp/B0D99S91QZ
2025-06-03 11:43:10,236 [INFO] ASIN=B0BWLHGJ4T BSR 主:15184/Office Products, 子:319/Badge Holders
2025-06-03 11:43:10,236 [INFO] ASIN=B0BWLHGJ4T rating=4.5, reviews=200
2025-06-03 11:43:10,237 [INFO] 开始抓取 ASIN=B0CPWQFJT9, URL=https://www.amazon.com/dp/B0CPWQFJT9
2025-06-03 11:43:10,240 [INFO] ASIN=B0B1BBQL46 BSR 主:34588/Office Products, 子:829/Badge Holders
2025-06-03 11:43:10,241 [INFO] ASIN=B0B1BBQL46 rating=4.6, reviews=25
2025-06-03 11:43:10,242 [INFO] 开始抓取 ASIN=B0CZ366VLC, URL=https://www.amazon.com/dp/B0CZ366VLC
2025-06-03 11:43:10,249 [INFO] ASIN=B0BLZKV9PX BSR 主:5314/Office Products, 子:99/Badge Holders
2025-06-03 11:43:10,249 [INFO] ASIN=B0BLZKV9PX rating=4.4, reviews=790
2025-06-03 11:43:10,249 [INFO] 开始抓取 ASIN=B0BRKQX4Y7, URL=https://www.amazon.com/dp/B0BRKQX4Y7
2025-06-03 11:43:10,250 [INFO] ASIN=B0C96NM93G BSR 主:15587/Office Products, 子:330/Badge Holders
2025-06-03 11:43:10,251 [INFO] ASIN=B0C96NM93G rating=4.4, reviews=280
2025-06-03 11:43:10,251 [INFO] 开始抓取 ASIN=B0DY17SH7T, URL=https://www.amazon.com/dp/B0DY17SH7T
2025-06-03 11:43:22,579 [WARNING] ASIN=B0BHLPZGQK 未获取到 BSR (主:, 子:)
2025-06-03 11:43:22,579 [INFO] ASIN=B0BHLPZGQK rating=4.3, reviews=16
2025-06-03 11:43:22,580 [INFO] 开始抓取 ASIN=B09YVC23FM, URL=https://www.amazon.com/dp/B09YVC23FM
2025-06-03 11:43:22,649 [INFO] ASIN=B0CPWQFJT9 BSR 主:36826/Office Products, 子:211/Badge Lanyards
2025-06-03 11:43:22,649 [INFO] ASIN=B0CPWQFJT9 rating=4.7, reviews=44
2025-06-03 11:43:22,649 [INFO] 开始抓取 ASIN=B0CGLSWLQ1, URL=https://www.amazon.com/dp/B0CGLSWLQ1
2025-06-03 11:43:22,651 [INFO] ASIN=B0C38GLFXW BSR 主:155715/Office Products, 子:4565/Badge Holders
2025-06-03 11:43:22,651 [INFO] ASIN=B0C38GLFXW rating=4.8, reviews=50
2025-06-03 11:43:22,652 [INFO] 开始抓取 ASIN=B0DRTYM4QY, URL=https://www.amazon.com/dp/B0DRTYM4QY
2025-06-03 11:43:22,652 [INFO] ASIN=B0D8HZHN4K BSR 主:57071/Office Products, 子:1495/Badge Holders
2025-06-03 11:43:22,652 [INFO] ASIN=B0D8HZHN4K rating=4.8, reviews=49
2025-06-03 11:43:22,653 [INFO] 开始抓取 ASIN=B0DZHN853H, URL=https://www.amazon.com/dp/B0DZHN853H
2025-06-03 11:43:22,653 [INFO] ASIN=B0C143PSHL BSR 主:18267/Office Products, 子:393/Badge Holders
2025-06-03 11:43:22,653 [INFO] ASIN=B0C143PSHL rating=4.7, reviews=461
2025-06-03 11:43:22,653 [INFO] 开始抓取 ASIN=B0D7ZRMDX2, URL=https://www.amazon.com/dp/B0D7ZRMDX2
2025-06-03 11:43:22,653 [INFO] ASIN=B0DY17SH7T BSR 主:102896/Office Products, 子:2888/Badge Holders
2025-06-03 11:43:22,653 [INFO] ASIN=B0DY17SH7T rating=5.0, reviews=1
2025-06-03 11:43:22,653 [INFO] 开始抓取 ASIN=B0D7GZK84W, URL=https://www.amazon.com/dp/B0D7GZK84W
2025-06-03 11:43:22,653 [INFO] ASIN=B0BRKQX4Y7 BSR 主:20249/Office Products, 子:442/Badge Holders
2025-06-03 11:43:22,653 [INFO] ASIN=B0BRKQX4Y7 rating=4.6, reviews=525
2025-06-03 11:43:22,653 [INFO] 开始抓取 ASIN=B0DRZ9VRNW, URL=https://www.amazon.com/dp/B0DRZ9VRNW
2025-06-03 11:43:22,672 [INFO] ASIN=B0D99S91QZ BSR 主:70268/Office Products, 子:1904/Badge Holders
2025-06-03 11:43:22,672 [INFO] ASIN=B0D99S91QZ rating=4.6, reviews=54
2025-06-03 11:43:22,672 [INFO] 开始抓取 ASIN=B09Y9G49GV, URL=https://www.amazon.com/dp/B09Y9G49GV
2025-06-03 11:43:30,608 [INFO] ASIN=B09YVC23FM BSR 主:74683/Office Products, 子:506/Badge Lanyards
2025-06-03 11:43:30,608 [INFO] ASIN=B09YVC23FM rating=4.5, reviews=58
2025-06-03 11:43:30,608 [INFO] 开始抓取 ASIN=B0DRNMSJKP, URL=https://www.amazon.com/dp/B0DRNMSJKP
2025-06-03 11:43:30,624 [INFO] ASIN=B0DRZ9VRNW BSR 主:29736/Office Products, 子:712/Badge Holders
2025-06-03 11:43:30,624 [INFO] ASIN=B0DRZ9VRNW rating=4.6, reviews=8
2025-06-03 11:43:30,624 [INFO] 开始抓取 ASIN=B09V6XKBPV, URL=https://www.amazon.com/dp/B09V6XKBPV
2025-06-03 11:43:30,633 [INFO] ASIN=B0D7GZK84W BSR 主:273023/Office Products, 子:8142/Badge Holders
2025-06-03 11:43:30,633 [INFO] ASIN=B0D7GZK84W rating=4.4, reviews=19
2025-06-03 11:43:30,633 [INFO] 开始抓取 ASIN=B0CPWP77ZG, URL=https://www.amazon.com/dp/B0CPWP77ZG
2025-06-03 11:43:30,633 [INFO] ASIN=B09Y9G49GV BSR 主:52204/Office Products, 子:1333/Badge Holders
2025-06-03 11:43:30,633 [INFO] ASIN=B09Y9G49GV rating=4.3, reviews=75
2025-06-03 11:43:30,633 [INFO] 开始抓取 ASIN=B09MH9NDSR, URL=https://www.amazon.com/dp/B09MH9NDSR
2025-06-03 11:43:30,633 [INFO] ASIN=B0D7ZRMDX2 BSR 主:75586/Office Products, 子:2057/Badge Holders
2025-06-03 11:43:30,633 [INFO] ASIN=B0D7ZRMDX2 rating=4.6, reviews=34
2025-06-03 11:43:30,633 [INFO] 开始抓取 ASIN=B0D93XXNJS, URL=https://www.amazon.com/dp/B0D93XXNJS
2025-06-03 11:43:30,641 [INFO] ASIN=B0DRTYM4QY BSR 主:52168/Office Products, 子:1334/Badge Holders
2025-06-03 11:43:30,641 [INFO] ASIN=B0DRTYM4QY rating=4.3, reviews=55
2025-06-03 11:43:30,641 [INFO] 开始抓取 ASIN=B0BJ2WKZKH, URL=https://www.amazon.com/dp/B0BJ2WKZKH
2025-06-03 11:43:30,643 [INFO] ASIN=B0CGLSWLQ1 BSR 主:292065/Tools & Home Improvement, 子:235/Restraint Ropes & Lanyards
2025-06-03 11:43:30,643 [INFO] ASIN=B0CGLSWLQ1 rating=4.4, reviews=160
2025-06-03 11:43:30,643 [INFO] 开始抓取 ASIN=B0DXZKH2XL, URL=https://www.amazon.com/dp/B0DXZKH2XL
2025-06-03 11:43:30,651 [INFO] ASIN=B0DZHN853H BSR 主:184979/Office Products, 子:6074/Badge Holders
2025-06-03 11:43:30,651 [INFO] ASIN=B0DZHN853H rating=, reviews=
2025-06-03 11:43:30,651 [INFO] 开始抓取 ASIN=B0C69CPCBX, URL=https://www.amazon.com/dp/B0C69CPCBX
2025-06-03 11:43:38,453 [INFO] ASIN=B0C69CPCBX BSR 主:94533/Office Products, 子:2623/Badge Holders
2025-06-03 11:43:38,453 [INFO] ASIN=B0C69CPCBX rating=4.4, reviews=16
2025-06-03 11:43:38,453 [INFO] 开始抓取 ASIN=B0BHLY135T, URL=https://www.amazon.com/dp/B0BHLY135T
2025-06-03 11:43:38,453 [INFO] ASIN=B09V6XKBPV BSR 主:179761/Office Products, 子:5336/Badge Holders
2025-06-03 11:43:38,455 [INFO] ASIN=B09V6XKBPV rating=4.2, reviews=24
2025-06-03 11:43:38,456 [INFO] 开始抓取 ASIN=B0CHVKJGGC, URL=https://www.amazon.com/dp/B0CHVKJGGC
2025-06-03 11:43:38,472 [INFO] ASIN=B0DXZKH2XL BSR 主:249598/Office Products, 子:7459/Badge Holders
2025-06-03 11:43:38,472 [INFO] ASIN=B0DXZKH2XL rating=, reviews=
2025-06-03 11:43:38,472 [INFO] 开始抓取 ASIN=B0CHVSCFR5, URL=https://www.amazon.com/dp/B0CHVSCFR5
2025-06-03 11:43:38,472 [INFO] ASIN=B0DRNMSJKP BSR 主:133921/Office Products, 子:3898/Badge Holders
2025-06-03 11:43:38,472 [INFO] ASIN=B0DRNMSJKP rating=5.0, reviews=2
2025-06-03 11:43:38,472 [INFO] 开始抓取 ASIN=B0BYZFY8M3, URL=https://www.amazon.com/dp/B0BYZFY8M3
2025-06-03 11:43:38,494 [INFO] ASIN=B0BJ2WKZKH BSR 主:2940/Office Products, 子:46/Badge Holders
2025-06-03 11:43:38,494 [INFO] ASIN=B0BJ2WKZKH rating=4.7, reviews=2084
2025-06-03 11:43:38,494 [INFO] 开始抓取 ASIN=B0CND8542M, URL=https://www.amazon.com/dp/B0CND8542M
2025-06-03 11:43:38,544 [INFO] ASIN=B0D93XXNJS BSR 主:2687/Office Products, 子:40/Badge Holders
2025-06-03 11:43:38,544 [INFO] ASIN=B0D93XXNJS rating=4.6, reviews=1867
2025-06-03 11:43:38,544 [INFO] 开始抓取 ASIN=B0D3ZTSS24, URL=https://www.amazon.com/dp/B0D3ZTSS24
2025-06-03 11:43:38,578 [INFO] ASIN=B0CPWP77ZG BSR 主:60881/Office Products, 子:4073/Badge Holders
2025-06-03 11:43:38,578 [INFO] ASIN=B0CPWP77ZG rating=4.5, reviews=31
2025-06-03 11:43:38,578 [INFO] 开始抓取 ASIN=B09TR71XSG, URL=https://www.amazon.com/dp/B09TR71XSG
2025-06-03 11:43:40,885 [WARNING] ASIN=B0BHLNNSCD 未获取到 BSR (主:, 子:)
2025-06-03 11:43:40,885 [INFO] ASIN=B0BHLNNSCD rating=4.6, reviews=48
2025-06-03 11:43:40,885 [INFO] 开始抓取 ASIN=B0CZ8K3MZ4, URL=https://www.amazon.com/dp/B0CZ8K3MZ4
2025-06-03 11:43:47,771 [INFO] ASIN=B0BHLY135T BSR 主:188756/Office Products, 子:5611/Badge Holders
2025-06-03 11:43:47,771 [INFO] ASIN=B0BHLY135T rating=4.8, reviews=42
2025-06-03 11:43:47,771 [INFO] 开始抓取 ASIN=B0F3J4D8M7, URL=https://www.amazon.com/dp/B0F3J4D8M7
2025-06-03 11:43:47,777 [INFO] ASIN=B0D3ZTSS24 BSR 主:173149/Office Products, 子:5127/Badge Holders
2025-06-03 11:43:47,777 [INFO] ASIN=B0D3ZTSS24 rating=5.0, reviews=5
2025-06-03 11:43:47,778 [INFO] 开始抓取 ASIN=B0777GVFSV, URL=https://www.amazon.com/dp/B0777GVFSV
2025-06-03 11:43:47,778 [INFO] ASIN=B0BYZFY8M3 BSR 主:2056/Office Products, 子:26/Badge Holders
2025-06-03 11:43:47,778 [INFO] ASIN=B0BYZFY8M3 rating=4.6, reviews=2310
2025-06-03 11:43:47,778 [INFO] 开始抓取 ASIN=B0D226KPC8, URL=https://www.amazon.com/dp/B0D226KPC8
2025-06-03 11:43:47,778 [INFO] ASIN=B09TR71XSG BSR 主:123557/Office Products, 子:3578/Badge Holders
2025-06-03 11:43:47,778 [INFO] ASIN=B09TR71XSG rating=4.7, reviews=29
2025-06-03 11:43:47,778 [INFO] 开始抓取 ASIN=B0B3T8K885, URL=https://www.amazon.com/dp/B0B3T8K885
2025-06-03 11:43:47,786 [INFO] ASIN=B0CZ8K3MZ4 BSR 主:199967/Office Products, 子:5940/Badge Holders
2025-06-03 11:43:47,786 [INFO] ASIN=B0CZ8K3MZ4 rating=5.0, reviews=5
2025-06-03 11:43:47,786 [INFO] 开始抓取 ASIN=B09H9PJMGZ, URL=https://www.amazon.com/dp/B09H9PJMGZ
2025-06-03 11:43:53,214 [WARNING] ASIN=B0CZ366VLC 未获取到 BSR (主:, 子:)
2025-06-03 11:43:53,214 [INFO] ASIN=B0CZ366VLC rating=4.3, reviews=34
2025-06-03 11:43:53,216 [INFO] 开始抓取 ASIN=B0DXSPMQRR, URL=https://www.amazon.com/dp/B0DXSPMQRR
2025-06-03 11:43:53,264 [INFO] ASIN=B09H9PJMGZ BSR 主:78340/Office Products, 子:2127/Badge Holders
2025-06-03 11:43:53,264 [INFO] ASIN=B09H9PJMGZ rating=4.6, reviews=309
2025-06-03 11:43:53,267 [INFO] 开始抓取 ASIN=B091L66XFH, URL=https://www.amazon.com/dp/B091L66XFH
2025-06-03 11:43:53,321 [INFO] ASIN=B0D226KPC8 BSR 主:25407/Office Products, 子:588/Badge Holders
2025-06-03 11:43:53,322 [INFO] ASIN=B0D226KPC8 rating=4.6, reviews=154
2025-06-03 11:43:53,323 [INFO] 开始抓取 ASIN=B0C1TCF9P9, URL=https://www.amazon.com/dp/B0C1TCF9P9
2025-06-03 11:43:53,327 [INFO] ASIN=B0B3T8K885 BSR 主:75153/Office Products, 子:2044/Badge Holders
2025-06-03 11:43:53,327 [INFO] ASIN=B0B3T8K885 rating=4.4, reviews=152
2025-06-03 11:43:53,327 [INFO] 开始抓取 ASIN=B0DFLBH2V5, URL=https://www.amazon.com/dp/B0DFLBH2V5
2025-06-03 11:43:53,327 [INFO] ASIN=B0777GVFSV BSR 主:66156/Office Products, 子:1767/Badge Holders
2025-06-03 11:43:53,327 [INFO] ASIN=B0777GVFSV rating=4.4, reviews=608
2025-06-03 11:43:53,328 [INFO] 开始抓取 ASIN=B09JZ155HN, URL=https://www.amazon.com/dp/B09JZ155HN
2025-06-03 11:43:53,337 [INFO] ASIN=B0F3J4D8M7 BSR 主:165311/Office Products, 子:4884/Badge Holders
2025-06-03 11:43:53,338 [INFO] ASIN=B0F3J4D8M7 rating=, reviews=
2025-06-03 11:43:53,338 [INFO] 开始抓取 ASIN=B0DJKW31DP, URL=https://www.amazon.com/dp/B0DJKW31DP
2025-06-03 11:43:58,710 [INFO] ASIN=B091L66XFH BSR 主:113271/Office Products, 子:3213/Badge Holders
2025-06-03 11:43:58,710 [INFO] ASIN=B091L66XFH rating=3.7, reviews=6
2025-06-03 11:43:58,713 [INFO] 开始抓取 ASIN=B0C68KDVDC, URL=https://www.amazon.com/dp/B0C68KDVDC
2025-06-03 11:43:58,725 [INFO] ASIN=B0DFLBH2V5 BSR 主:103114/Office Products, 子:2896/Badge Holders
2025-06-03 11:43:58,725 [INFO] ASIN=B0DFLBH2V5 rating=4.6, reviews=5
2025-06-03 11:43:58,729 [INFO] 开始抓取 ASIN=B0D872FC3M, URL=https://www.amazon.com/dp/B0D872FC3M
2025-06-03 11:43:58,729 [INFO] ASIN=B0DJKW31DP BSR 主:30580/Office Products, 子:731/Badge Holders
2025-06-03 11:43:58,729 [INFO] ASIN=B0DJKW31DP rating=4.7, reviews=20
2025-06-03 11:43:58,729 [INFO] 开始抓取 ASIN=B0D3B898PR, URL=https://www.amazon.com/dp/B0D3B898PR
2025-06-03 11:43:58,760 [INFO] ASIN=B09JZ155HN BSR 主:62891/Office Products, 子:1649/Badge Holders
2025-06-03 11:43:58,760 [INFO] ASIN=B09JZ155HN rating=4.5, reviews=107
2025-06-03 11:43:58,760 [INFO] 开始抓取 ASIN=B09HDQKKS6, URL=https://www.amazon.com/dp/B09HDQKKS6
2025-06-03 11:43:58,761 [INFO] ASIN=B0DXSPMQRR BSR 主:243771/Office Products, 子:7298/Badge Holders
2025-06-03 11:43:58,761 [INFO] ASIN=B0DXSPMQRR rating=, reviews=
2025-06-03 11:43:58,761 [INFO] 开始抓取 ASIN=B0DRV9F63X, URL=https://www.amazon.com/dp/B0DRV9F63X
2025-06-03 11:43:58,768 [INFO] ASIN=B0C1TCF9P9 BSR 主:9526/Office Products, 子:196/Badge Holders
2025-06-03 11:43:58,768 [INFO] ASIN=B0C1TCF9P9 rating=4.6, reviews=584
2025-06-03 11:43:58,768 [INFO] 开始抓取 ASIN=B0CC6BY9XS, URL=https://www.amazon.com/dp/B0CC6BY9XS
2025-06-03 11:44:04,720 [INFO] ASIN=B0D872FC3M BSR 主:219076/Office Products, 子:6541/Badge Holders
2025-06-03 11:44:04,720 [INFO] ASIN=B0D872FC3M rating=4.4, reviews=9
2025-06-03 11:44:04,722 [INFO] ASIN=B0C68KDVDC BSR 主:176864/Office Products, 子:5267/Badge Holders
2025-06-03 11:44:04,722 [INFO] ASIN=B0C68KDVDC rating=4.7, reviews=8
2025-06-03 11:44:04,746 [INFO] ASIN=B0DRV9F63X BSR 主:826418/Office Products, 子:25004/Badge Holders
2025-06-03 11:44:04,746 [INFO] ASIN=B0DRV9F63X rating=, reviews=
2025-06-03 11:44:04,747 [INFO] ASIN=B09HDQKKS6 BSR 主:101014/Office Products, 子:2822/Badge Holders
2025-06-03 11:44:04,747 [INFO] ASIN=B09HDQKKS6 rating=4.6, reviews=273
2025-06-03 11:44:04,756 [INFO] ASIN=B0CC6BY9XS BSR 主:13100/Office Products, 子:279/Badge Holders
2025-06-03 11:44:04,756 [INFO] ASIN=B0CC6BY9XS rating=4.5, reviews=412
2025-06-03 11:44:04,779 [INFO] ASIN=B0D3B898PR BSR 主:1687/Office Products, 子:20/Badge Holders
2025-06-03 11:44:04,781 [INFO] ASIN=B0D3B898PR rating=4.4, reviews=667
2025-06-03 11:44:08,256 [WARNING] ASIN=B09MH9NDSR 未获取到 BSR (主:, 子:)
2025-06-03 11:44:08,256 [INFO] ASIN=B09MH9NDSR rating=3.8, reviews=14
2025-06-03 11:44:16,846 [WARNING] ASIN=B0CND8542M 未获取到 BSR (主:, 子:)
2025-06-03 11:44:16,846 [INFO] ASIN=B0CND8542M rating=3.7, reviews=7
2025-06-03 11:44:17,663 [WARNING] ASIN=B0CHVSCFR5 未获取到 BSR (主:, 子:)
2025-06-03 11:44:17,663 [INFO] ASIN=B0CHVSCFR5 rating=4.9, reviews=28
2025-06-03 11:44:17,664 [WARNING] ASIN=B0CHVKJGGC 未获取到 BSR (主:, 子:)
2025-06-03 11:44:17,664 [INFO] ASIN=B0CHVKJGGC rating=4.3, reviews=36
